https://cloudflare-eth.com - "Method not found"
https://mainnet.gateway.tenderly.co - "method not found"
https://optimism.gateway.tenderly.co - "method not found"
https://flare-bundler.etherspot.io - "Method rpc_modules is not supported"
https://public-node.rsk.co - "the method rpc_modules does not exist/is not available"
https://mycrypto.rsk.co - "the method rpc_modules does not exist/is not available"
https://public-node.testnet.rsk.co - "the method rpc_modules does not exist/is not available"
https://mycrypto.testnet.rsk.co - "the method rpc_modules does not exist/is not available"
https://crab-rpc.darwinia.network - "Method not found"
https://crab-rpc.dcdao.box - "Method not found"
https://rpc.darwinia.network - "Method not found"
https://darwinia-rpc.dcdao.box - "Method not found"
https://darwinia-rpc.dwellir.com - "Method not found"
https://aic.acria.ai - "the method rpc_modules does not exist/is not available"
https://testrpc.xlayer.tech - "the method rpc_modules does not exist/is not available"
https://xlayertestrpc.okx.com - "the method rpc_modules does not exist/is not available"
https://rpc.xlayer.tech - "the method rpc_modules does not exist/is not available"
https://xlayerrpc.okx.com - "the method rpc_modules does not exist/is not available"
https://rpc-mainnet.lachain.io - "Method not found"
https://rpc-testnet.lachain.io - "Method not found"
https://rpc.energyweb.org - "Method not found"
https://rpc.frax.com - "Method not allowed or not found."
https://testnet.zkevm.cronos.org - "Method not found"
https://boba-ethereum.gateway.tenderly.co - "method not found"
https://gateway.tenderly.co/public/boba-ethereum - "method not found"
https://api.node.glif.io/ - "Method not found"
https://rpc.ankr.com/filecoin - "Method not found"
https://shiden.api.onfinality.io/public - "Method not found"
https://shiden-rpc.dwellir.com - "Method not found"
https://rpc.pulsechain.com - "the method rpc_modules does not exist/is not available"
https://lachain-testnet.rpc-nodes.cedalio.dev - "the method rpc_modules does not exist/is not available"
https://rpc.verse.gesoten.com/ - "rpc_modules is not allowed"
https://eth-rpc-tc9.aca-staging.network - "Method not found"
https://eth-rpc-karura-testnet.aca-staging.network - "Method not found"
https://eth-rpc-acala-testnet.aca-staging.network - "Method not found"
https://rpc-testnet.vne.network - "Method not found"
https://eth-rpc-karura.aca-api.network - "Method not found"
https://koi-rpc.darwinia.network - "Method not found"
https://node1-mainnet.maalscan.io/ - "the method rpc_modules does not exist/is not available"
https://node2-mainnet.maalscan.io/ - "the method rpc_modules does not exist/is not available"
https://node3-mainnet.maalscan.io/ - "the method rpc_modules does not exist/is not available"
https://eth-rpc-acala.aca-api.network - "Method not found"
https://rpc-testnet.runic.build - "the method rpc_modules does not exist/is not available"
https://rpc.main.oasvrs.bnken.net - "rpc_modules is not allowed"
https://rpc.v4.testnet.pulsechain.com - "the method rpc_modules does not exist/is not available"
https://mainnet-rpc.oortech.com - "The method rpc_modules does not exist/is not available"
https://ascraeus-rpc.oortech.com - "Method not found"
https://ethapi.topnetwork.org - "the method rpc_modules does not exist/is not available"
https://rpc.5ire.network - "Method not found"
https://api-para.clover.finance - "Method not found"
https://zkevm-rpc.com - "the method rpc_modules does not exist/is not available"
https://dmc.mydefichain.com/changi - "Unsupported method: rpc_modules"
https://rpc-nodes.saitascan.io - "Method not found"
https://rpc-testnet.cyclenetwork.io - "the method rpc_modules does not exist/is not available"
https://jellyfish-rpc-testnet.cyclenetwork.io - "the method rpc_modules does not exist/is not available"
https://rpc.api.moonbeam.network - "Method not found"
https://moonbeam-rpc.dwellir.com - "Method not found"
https://moonbeam.api.onfinality.io/public - "Method not found"
https://moonbeam.unitedbloc.com - "Method not found"
https://moonbeam-rpc.publicnode.com - "Method not found"
https://rpc.api.moonriver.moonbeam.network - "Method not found"
https://moonriver-rpc.dwellir.com - "Method not found"
https://moonriver.api.onfinality.io/public - "Method not found"
https://moonriver.unitedbloc.com - "Method not found"
https://moonriver-rpc.publicnode.com - "Method not found"
https://rpc.api.moonbase.moonbeam.network - "Method not found"
https://moonbase-rpc.dwellir.com - "Method not found"
https://moonbeam-alpha.api.onfinality.io/public - "Method not found"
https://moonbase.unitedbloc.com - "Method not found"
https://elysium-test-rpc.vulcanforged.com - "Method not found"
https://rpc.elysiumchain.tech/ - "Method not found"
https://rpc.modchain.net/blockchain.joseon.com/rpc - "the method rpc_modules does not exist/is not available"
https://mainnet.gateway.tenderly.co - "method not found"
https://mainnet.gateway.tenderly.co - "method not found"
https://optimism.gateway.tenderly.co - "method not found"
https://flare-bundler.etherspot.io - "Method rpc_modules is not supported"
https://public-node.rsk.co - "the method rpc_modules does not exist/is not available"
https://mycrypto.rsk.co - "the method rpc_modules does not exist/is not available"
https://public-node.testnet.rsk.co - "the method rpc_modules does not exist/is not available"
https://mycrypto.testnet.rsk.co - "the method rpc_modules does not exist/is not available"
https://crab-rpc.darwinia.network - "Method not found"
https://crab-rpc.dcdao.box - "Method not found"
https://rpc.darwinia.network - "Method not found"
https://darwinia-rpc.dcdao.box - "Method not found"
https://darwinia-rpc.dwellir.com - "Method not found"
https://aic.acria.ai - "the method rpc_modules does not exist/is not available"
https://rpc.gnosischain.com - "The method rpc_modules does not exist/is not available"
https://rpc.gnosis.gateway.fm - "The method rpc_modules does not exist/is not available"
https://gnosis.oat.farm - "Method rpc_modules is not supported"
https://evmexplorer.velas.com/rpc - "Method not found"
https://explorer.velas.com/rpc - "Method not found"
https://coinbit-rpc-mainnet.chain.sbcrypto.app - "the method rpc_modules does not exist/is not available"
https://flaretestnet-bundler.etherspot.io - "Method rpc_modules is not supported"
https://rpc.fuse.io - "The method rpc_modules is not available"
https://hashkeychain-testnet.alt.technology - "Method not found"
https://polygon.gateway.tenderly.co - "method not found"
https://testrpc.xlayer.tech - "the method rpc_modules does not exist/is not available"
https://xlayertestrpc.okx.com - "the method rpc_modules does not exist/is not available"
https://rpc.xlayer.tech - "the method rpc_modules does not exist/is not available"
https://xlayerrpc.okx.com - "the method rpc_modules does not exist/is not available"
