wss://mainnet.infura.io/ws/v3/$%7BINFURA_API_KEY%7D - Some(BadScheme)
wss://ethereum-rpc.publicnode.com/ - Some(BadScheme)
wss://mainnet.gateway.tenderly.co/ - Some(BadScheme)
wss://eth.drpc.org/ - Some(BadScheme)
wss://ropsten.infura.io/ws/v3/$%7BINFURA_API_KEY%7D - Some(BadScheme)
wss://rinkeby.infura.io/ws/v3/$%7BINFURA_API_KEY%7D - Some(BadScheme)
wss://goerli.infura.io/v3/$%7BINFURA_API_KEY%7D - Some(BadScheme)
https://rpc.goerli.mudit.blog/ - Some(hyper_util::client::legacy::Error(Connect, ConnectError("dns error", Custom { kind: Uncategorized, error: "failed to lookup address information: Name or service not known" })))
wss://ethereum-goerli-rpc.publicnode.com/ - Some(BadScheme)
wss://goerli.gateway.tenderly.co/ - Some(BadScheme)
wss://optimism-rpc.publicnode.com/ - Some(BadScheme)
wss://optimism.gateway.tenderly.co/ - Some(BadScheme)
wss://optimism.drpc.org/ - Some(BadScheme)
https://staging.diode.io:8443/ - Some(TimedOut)
wss://staging.diode.io:8443/ws - Some(BadScheme)
https://flare.enosys.global/ext/C/rpc - Some(hyper_util::client::legacy::Error(Connect, ConnectError("dns error", Custom { kind: Uncategorized, error: "failed to lookup address information: Name or service not known" })))
https://prenet.diode.io:8443/ - Some(TimedOut)
wss://prenet.diode.io:8443/ws - Some(BadScheme)
https://coston.enosys.global/ext/C/rpc - Some(hyper_util::client::legacy::Error(Connect, ConnectError("dns error", Custom { kind: Uncategorized, error: "failed to lookup address information: Name or service not known" })))
wss://thundercore-testnet.drpc.org/ - Some(BadScheme)
https://songbird.enosys.global/ext/C/rpc - Some(hyper_util::client::legacy::Error(Connect, ConnectError("dns error", Custom { kind: Uncategorized, error: "failed to lookup address information: Name or service not known" })))
wss://cronos-evm-rpc.publicnode.com/ - Some(BadScheme)
wss://cronos.drpc.org/ - Some(BadScheme)
https://testrpc.genesisl1.org/ - Some(TimedOut)
https://rpc.shibchain.org/ - Some(hyper_util::client::legacy::Error(Connect, ConnectError("dns error", Custom { kind: Uncategorized, error: "failed to lookup address information: Name or service not known" })))
https://rinkeby.boba.network/ - Some(hyper_util::client::legacy::Error(Connect, ConnectError("dns error", Custom { kind: Uncategorized, error: "failed to lookup address information: Name or service not known" })))
https://test2.goodata.io/ - Some(TimedOut)
https://rpc.goodata.io/ - Some(TimedOut)
https://rpc.tbwg.io/ - Some(hyper_util::client::legacy::Error(Connect, ConnectError("dns error", Custom { kind: Uncategorized, error: "failed to lookup address information: Name or service not known" })))
https://mainnet.dxchain.com/ - Some(hyper_util::client::legacy::Error(Connect, ConnectError("dns error", Custom { kind: Uncategorized, error: "failed to lookup address information: Name or service not known" })))
https://rpc.valorbit.com/v2 - Some(hyper_util::client::legacy::Error(Connect, ConnectError("dns error", Custom { kind: Uncategorized, error: "failed to lookup address information: Name or service not known" })))
wss://telos.drpc.org/ - Some(BadScheme)
wss://telos-testnet.drpc.org/ - Some(BadScheme)
wss://ws-rpc.mainnet.lukso.network/ - Some(BadScheme)
https://pangoro-rpc.darwinia.network/ - Some(hyper_util::client::legacy::Error(Connect, ConnectError("dns error", Custom { kind: Uncategorized, error: "failed to lookup address information: Name or service not known" })))
https://rpc.etm.network/ - Some(TimedOut)
https://rpc.pioneer.etm.network/ - Some(TimedOut)
https://mainnet.openpiece.io/ - Some(TimedOut)
wss://bsc-rpc.publicnode.com/ - Some(BadScheme)
wss://bsc-ws-node.nariox.org/ - Some(BadScheme)
wss://rpc.syscoin.org/wss - Some(BadScheme)
wss://syscoin-evm.publicnode.com/ - Some(BadScheme)
http://dappnode1.ont.io:20339/ - Some(TimedOut)
http://dappnode2.ont.io:20339/ - Some(TimedOut)
http://dappnode3.ont.io:20339/ - Some(TimedOut)
http://dappnode4.ont.io:20339/ - Some(TimedOut)
https://dappnode1.ont.io:10339/ - Some(TimedOut)
https://dappnode2.ont.io:10339/ - Some(TimedOut)
https://dappnode3.ont.io:10339/ - Some(hyper_util::client::legacy::Error(Connect, ConnectError("dns error", Custom { kind: Uncategorized, error: "failed to lookup address information: Temporary failure in name resolution" })))
https://dappnode4.ont.io:10339/ - Some(hyper_util::client::legacy::Error(Connect, ConnectError("dns error", Custom { kind: Uncategorized, error: "failed to lookup address information: Temporary failure in name resolution" })))
https://api.eosargentina.io/ - Some(hyper_util::client::legacy::Error(Connect, ConnectError("dns error", Custom { kind: Uncategorized, error: "failed to lookup address information: Temporary failure in name resolution" })))
https://rpc.gochain.io/ - Some(hyper_util::client::legacy::Error(Connect, ConnectError("dns error", Custom { kind: Uncategorized, error: "failed to lookup address information: Temporary failure in name resolution" })))
https://etc.rivet.link/ - Some(hyper_util::client::legacy::Error(Connect, ConnectError("dns error", Custom { kind: Uncategorized, error: "failed to lookup address information: Temporary failure in name resolution" })))
https://besu-at.etc-network.info/ - Some(hyper_util::client::legacy::Error(Connect, ConnectError("dns error", Custom { kind: Uncategorized, error: "failed to lookup address information: Temporary failure in name resolution" })))
https://geth-at.etc-network.info/ - Some(hyper_util::client::legacy::Error(Connect, ConnectError("dns error", Custom { kind: Uncategorized, error: "failed to lookup address information: Temporary failure in name resolution" })))
https://etc.etcdesktop.com/ - Some(hyper_util::client::legacy::Error(Connect, ConnectError("dns error", Custom { kind: Uncategorized, error: "failed to lookup address information: Temporary failure in name resolution" })))
https://etc.mytokenpocket.vip/ - Some(hyper_util::client::legacy::Error(Connect, ConnectError("dns error", Custom { kind: Uncategorized, error: "failed to lookup address information: Temporary failure in name resolution" })))
https://rpc.mordor.etccooperative.org/ - Some(hyper_util::client::legacy::Error(Connect, ConnectError("dns error", Custom { kind: Uncategorized, error: "failed to lookup address information: Temporary failure in name resolution" })))
https://geth-mordor.etc-network.info/ - Some(hyper_util::client::legacy::Error(Connect, ConnectError("dns error", Custom { kind: Uncategorized, error: "failed to lookup address information: Temporary failure in name resolution" })))
https://jsonrpc.ellaism.org/ - Some(hyper_util::client::legacy::Error(Connect, ConnectError("dns error", Custom { kind: Uncategorized, error: "failed to lookup address information: Temporary failure in name resolution" })))
https://exchaintestrpc.okex.org/ - Some(hyper_util::client::legacy::Error(Connect, ConnectError("dns error", Custom { kind: Uncategorized, error: "failed to lookup address information: Temporary failure in name resolution" })))
https://exchainrpc.okex.org/ - Some(hyper_util::client::legacy::Error(Connect, ConnectError("dns error", Custom { kind: Uncategorized, error: "failed to lookup address information: Temporary failure in name resolution" })))
https://okc-mainnet.gateway.pokt.network/v1/lb/6275309bea1b320039c893ff - Some(hyper_util::client::legacy::Error(Connect, ConnectError("dns error", Custom { kind: Uncategorized, error: "failed to lookup address information: Temporary failure in name resolution" })))
http://test-rpc.dbmbp.com/ - Some(hyper_util::client::legacy::Error(Connect, ConnectError("dns error", Custom { kind: Uncategorized, error: "failed to lookup address information: Temporary failure in name resolution" })))
https://rpc.soter.one/ - Some(hyper_util::client::legacy::Error(Connect, ConnectError("dns error", Custom { kind: Uncategorized, error: "failed to lookup address information: Temporary failure in name resolution" })))
https://kovan.optimism.io/ - Some(hyper_util::client::legacy::Error(Connect, ConnectError("dns error", Custom { kind: Uncategorized, error: "failed to lookup address information: Temporary failure in name resolution" })))
https://http-mainnet.hoosmartchain.com/ - Some(hyper_util::client::legacy::Error(Connect, ConnectError("dns error", Custom { kind: Uncategorized, error: "failed to lookup address information: Temporary failure in name resolution" })))
https://http-mainnet2.hoosmartchain.com/ - Some(hyper_util::client::legacy::Error(Connect, ConnectError("dns error", Custom { kind: Uncategorized, error: "failed to lookup address information: Temporary failure in name resolution" })))
wss://ws-mainnet.hoosmartchain.com/ - Some(BadScheme)
wss://ws-mainnet2.hoosmartchain.com/ - Some(BadScheme)
https://evmtestnet.confluxrpc.com/ - Some(hyper_util::client::legacy::Error(Connect, ConnectError("dns error", Custom { kind: Uncategorized, error: "failed to lookup address information: Temporary failure in name resolution" })))
https://testnet-http.dxchain.com/ - Some(hyper_util::client::legacy::Error(Connect, ConnectError("dns error", Custom { kind: Uncategorized, error: "failed to lookup address information: Temporary failure in name resolution" })))
https://fncy-seed1.fncy.world/ - Some(hyper_util::client::legacy::Error(Connect, ConnectError("dns error", Custom { kind: Uncategorized, error: "failed to lookup address information: Temporary failure in name resolution" })))
https://idchain.one/rpc/ - Some(hyper_util::client::legacy::Error(Connect, ConnectError("dns error", Custom { kind: Uncategorized, error: "failed to lookup address information: Temporary failure in name resolution" })))
wss://idchain.one/ws/ - Some(BadScheme)
https://node.decimalchain.com/web3/ - Some(hyper_util::client::legacy::Error(Connect, ConnectError("dns error", Custom { kind: Uncategorized, error: "failed to lookup address information: Temporary failure in name resolution" })))
https://node1-mainnet.decimalchain.com/web3/ - Some(hyper_util::client::legacy::Error(Connect, ConnectError("dns error", Custom { kind: Uncategorized, error: "failed to lookup address information: Temporary failure in name resolution" })))
https://node2-mainnet.decimalchain.com/web3/ - Some(hyper_util::client::legacy::Error(Connect, ConnectError("dns error", Custom { kind: Uncategorized, error: "failed to lookup address information: Temporary failure in name resolution" })))
https://node3-mainnet.decimalchain.com/web3/ - Some(hyper_util::client::legacy::Error(Connect, ConnectError("dns error", Custom { kind: Uncategorized, error: "failed to lookup address information: Temporary failure in name resolution" })))
https://node4-mainnet.decimalchain.com/web3/ - Some(hyper_util::client::legacy::Error(Connect, ConnectError("dns error", Custom { kind: Uncategorized, error: "failed to lookup address information: Temporary failure in name resolution" })))
https://rpc2.mix-blockchain.org:8647/ - Some(hyper_util::client::legacy::Error(Connect, ConnectError("dns error", Custom { kind: Uncategorized, error: "failed to lookup address information: Temporary failure in name resolution" })))
https://sokol.poa.network/ - Some(hyper_util::client::legacy::Error(Connect, ConnectError("dns error", Custom { kind: Uncategorized, error: "failed to lookup address information: Temporary failure in name resolution" })))
wss://sokol.poa.network/wss - Some(BadScheme)
ws://sokol.poa.network:8546/ - Some(BadScheme)
https://ethnode.primusmoney.com/mainnet - Some(hyper_util::client::legacy::Error(Connect, ConnectError("dns error", Custom { kind: Uncategorized, error: "failed to lookup address information: Temporary failure in name resolution" })))
https://dataserver-us-1.zenithchain.co/ - Some(hyper_util::client::legacy::Error(Connect, ConnectError("dns error", Custom { kind: Uncategorized, error: "failed to lookup address information: Temporary failure in name resolution" })))
https://dataserver-asia-3.zenithchain.co/ - Some(hyper_util::client::legacy::Error(Connect, ConnectError("dns error", Custom { kind: Uncategorized, error: "failed to lookup address information: Temporary failure in name resolution" })))
https://dataserver-asia-4.zenithchain.co/ - Some(hyper_util::client::legacy::Error(Connect, ConnectError("dns error", Custom { kind: Uncategorized, error: "failed to lookup address information: Temporary failure in name resolution" })))
https://dataserver-asia-2.zenithchain.co/ - Some(hyper_util::client::legacy::Error(Connect, ConnectError("dns error", Custom { kind: Uncategorized, error: "failed to lookup address information: Temporary failure in name resolution" })))
https://dataserver-asia-5.zenithchain.co/ - Some(hyper_util::client::legacy::Error(Connect, ConnectError("dns error", Custom { kind: Uncategorized, error: "failed to lookup address information: Temporary failure in name resolution" })))
https://dataserver-asia-6.zenithchain.co/ - Some(hyper_util::client::legacy::Error(Connect, ConnectError("dns error", Custom { kind: Uncategorized, error: "failed to lookup address information: Temporary failure in name resolution" })))
https://dataserver-asia-7.zenithchain.co/ - Some(hyper_util::client::legacy::Error(Connect, ConnectError("dns error", Custom { kind: Uncategorized, error: "failed to lookup address information: Temporary failure in name resolution" })))
https://rpc.genechain.io/ - Some(hyper_util::client::legacy::Error(Connect, ConnectError("dns error", Custom { kind: Uncategorized, error: "failed to lookup address information: Temporary failure in name resolution" })))
https://rpc-1.japanopenchain.org:8545/ - Some(hyper_util::client::legacy::Error(Connect, ConnectError("dns error", Custom { kind: Uncategorized, error: "failed to lookup address information: Temporary failure in name resolution" })))
https://rpc-2.japanopenchain.org:8545/ - Some(hyper_util::client::legacy::Error(Connect, ConnectError("dns error", Custom { kind: Uncategorized, error: "failed to lookup address information: Temporary failure in name resolution" })))
https://rpc.meter.io/ - Some(hyper_util::client::legacy::Error(Connect, ConnectError("dns error", Custom { kind: Uncategorized, error: "failed to lookup address information: Temporary failure in name resolution" })))
https://rpctest.meter.io/ - Some(hyper_util::client::legacy::Error(Connect, ConnectError("dns error", Custom { kind: Uncategorized, error: "failed to lookup address information: Temporary failure in name resolution" })))
https://linqto-dev.com/ - Some(hyper_util::client::legacy::Error(Connect, ConnectError("dns error", Custom { kind: Uncategorized, error: "failed to lookup address information: Temporary failure in name resolution" })))
https://testnet.gatenode.cc/ - Some(hyper_util::client::legacy::Error(Connect, ConnectError("dns error", Custom { kind: Uncategorized, error: "failed to lookup address information: Temporary failure in name resolution" })))
https://evm.gatenode.cc/ - Some(hyper_util::client::legacy::Error(Connect, ConnectError("dns error", Custom { kind: Uncategorized, error: "failed to lookup address information: Temporary failure in name resolution" })))
https://connect.novanetwork.io/ - Some(hyper_util::client::legacy::Error(Connect, ConnectError("dns error", Custom { kind: Uncategorized, error: "failed to lookup address information: Temporary failure in name resolution" })))
https://0x57.redjackstudio.com/ - Some(hyper_util::client::legacy::Error(Connect, ConnectError("dns error", Custom { kind: Uncategorized, error: "failed to lookup address information: Temporary failure in name resolution" })))
https://rpc.novanetwork.io:9070/ - Some(hyper_util::client::legacy::Error(Connect, ConnectError("dns error", Custom { kind: Uncategorized, error: "failed to lookup address information: Temporary failure in name resolution" })))
https://rpc.viction.xyz/ - Some(hyper_util::client::legacy::Error(Connect, ConnectError("dns error", Custom { kind: Uncategorized, error: "failed to lookup address information: Temporary failure in name resolution" })))
https://rpc-testnet.viction.xyz/ - Some(hyper_util::client::legacy::Error(Connect, ConnectError("dns error", Custom { kind: Uncategorized, error: "failed to lookup address information: Temporary failure in name resolution" })))
https://s0.garizon.net/rpc - Some(hyper_util::client::legacy::Error(Connect, ConnectError("dns error", Custom { kind: Uncategorized, error: "failed to lookup address information: Temporary failure in name resolution" })))
https://s1.garizon.net/rpc - Some(hyper_util::client::legacy::Error(Connect, ConnectError("dns error", Custom { kind: Uncategorized, error: "failed to lookup address information: Temporary failure in name resolution" })))
https://s2.garizon.net/rpc - Some(hyper_util::client::legacy::Error(Connect, ConnectError("dns error", Custom { kind: Uncategorized, error: "failed to lookup address information: Temporary failure in name resolution" })))
https://s3.garizon.net/rpc - Some(hyper_util::client::legacy::Error(Connect, ConnectError("dns error", Custom { kind: Uncategorized, error: "failed to lookup address information: Temporary failure in name resolution" })))
https://rpc.swissdlt.ch/ - Some(hyper_util::client::legacy::Error(Connect, ConnectError("dns error", Custom { kind: Uncategorized, error: "failed to lookup address information: Temporary failure in name resolution" })))
https://rpc1.camdl.gov.kh/ - Some(hyper_util::client::legacy::Error(Connect, ConnectError("dns error", Custom { kind: Uncategorized, error: "failed to lookup address information: Temporary failure in name resolution" })))
https://rpc.bitkubchain.io/ - Some(hyper_util::client::legacy::Error(Connect, ConnectError("dns error", Custom { kind: Uncategorized, error: "failed to lookup address information: Temporary failure in name resolution" })))
wss://wss.bitkubchain.io/ - Some(BadScheme)
https://data-seed-prebsc-1-s1.bnbchain.org:8545/ - Some(hyper_util::client::legacy::Error(Connect, ConnectError("dns error", Custom { kind: Uncategorized, error: "failed to lookup address information: Temporary failure in name resolution" })))
https://data-seed-prebsc-2-s1.bnbchain.org:8545/ - Some(hyper_util::client::legacy::Error(Connect, ConnectError("dns error", Custom { kind: Uncategorized, error: "failed to lookup address information: Temporary failure in name resolution" })))
https://data-seed-prebsc-1-s2.bnbchain.org:8545/ - Some(hyper_util::client::legacy::Error(Connect, ConnectError("dns error", Custom { kind: Uncategorized, error: "failed to lookup address information: Temporary failure in name resolution" })))
https://data-seed-prebsc-2-s2.bnbchain.org:8545/ - Some(hyper_util::client::legacy::Error(Connect, ConnectError("dns error", Custom { kind: Uncategorized, error: "failed to lookup address information: Temporary failure in name resolution" })))
https://data-seed-prebsc-1-s3.bnbchain.org:8545/ - Some(hyper_util::client::legacy::Error(Connect, ConnectError("dns error", Custom { kind: Uncategorized, error: "failed to lookup address information: Temporary failure in name resolution" })))
https://data-seed-prebsc-2-s3.bnbchain.org:8545/ - Some(hyper_util::client::legacy::Error(Connect, ConnectError("dns error", Custom { kind: Uncategorized, error: "failed to lookup address information: Temporary failure in name resolution" })))
https://bsc-testnet-rpc.publicnode.com/ - Some(hyper_util::client::legacy::Error(Connect, ConnectError("dns error", Custom { kind: Uncategorized, error: "failed to lookup address information: Temporary failure in name resolution" })))
wss://bsc-testnet-rpc.publicnode.com/ - Some(BadScheme)
https://sixnet-rpc-evm.sixprotocol.net/ - Some(hyper_util::client::legacy::Error(Connect, ConnectError("dns error", Custom { kind: Uncategorized, error: "failed to lookup address information: Temporary failure in name resolution" })))
https://core.poa.network/ - Some(hyper_util::client::legacy::Error(Connect, ConnectError("dns error", Custom { kind: Uncategorized, error: "failed to lookup address information: Temporary failure in name resolution" })))
https://rpc.gnosischain.com/ - Some(hyper_util::client::legacy::Error(Connect, ConnectError("dns error", Custom { kind: Uncategorized, error: "failed to lookup address information: Temporary failure in name resolution" })))
https://rpc.gnosis.gateway.fm/ - Some(hyper_util::client::legacy::Error(Connect, ConnectError("dns error", Custom { kind: Uncategorized, error: "failed to lookup address information: Temporary failure in name resolution" })))
https://rpc.ankr.com/gnosis - Some(hyper_util::client::legacy::Error(Connect, ConnectError("dns error", Custom { kind: Uncategorized, error: "failed to lookup address information: Temporary failure in name resolution" })))
https://gnosischain-rpc.gateway.pokt.network/ - Some(hyper_util::client::legacy::Error(Connect, ConnectError("dns error", Custom { kind: Uncategorized, error: "failed to lookup address information: Temporary failure in name resolution" })))
https://gnosis-mainnet.public.blastapi.io/ - Some(hyper_util::client::legacy::Error(Connect, ConnectError("dns error", Custom { kind: Uncategorized, error: "failed to lookup address information: Temporary failure in name resolution" })))
https://gnosis.api.onfinality.io/public - Some(hyper_util::client::legacy::Error(Connect, ConnectError("dns error", Custom { kind: Uncategorized, error: "failed to lookup address information: Temporary failure in name resolution" })))
https://gnosis.blockpi.network/v1/rpc/public - Some(hyper_util::client::legacy::Error(Connect, ConnectError("dns error", Custom { kind: Uncategorized, error: "failed to lookup address information: Temporary failure in name resolution" })))
https://web3endpoints.com/gnosischain-mainnet - Some(hyper_util::client::legacy::Error(Connect, ConnectError("dns error", Custom { kind: Uncategorized, error: "failed to lookup address information: Temporary failure in name resolution" })))
https://gnosis.oat.farm/ - Some(hyper_util::client::legacy::Error(Connect, ConnectError("dns error", Custom { kind: Uncategorized, error: "failed to lookup address information: Temporary failure in name resolution" })))
wss://rpc.gnosischain.com/wss - Some(BadScheme)
https://gnosis-rpc.publicnode.com/ - Some(hyper_util::client::legacy::Error(Connect, ConnectError("dns error", Custom { kind: Uncategorized, error: "failed to lookup address information: Temporary failure in name resolution" })))
wss://gnosis-rpc.publicnode.com/ - Some(BadScheme)
https://api.einc.io/jsonrpc/mainnet - Some(hyper_util::client::legacy::Error(Connect, ConnectError("dns error", Custom { kind: Uncategorized, error: "failed to lookup address information: Temporary failure in name resolution" })))
https://testnet-rpc-0.web3games.org/evm - Some(hyper_util::client::legacy::Error(Connect, ConnectError("dns error", Custom { kind: Uncategorized, error: "failed to lookup address information: Temporary failure in name resolution" })))
https://testnet-rpc-1.web3games.org/evm - Some(hyper_util::client::legacy::Error(Connect, ConnectError("dns error", Custom { kind: Uncategorized, error: "failed to lookup address information: Temporary failure in name resolution" })))
https://testnet-rpc-2.web3games.org/evm - Some(hyper_util::client::legacy::Error(Connect, ConnectError("dns error", Custom { kind: Uncategorized, error: "failed to lookup address information: Temporary failure in name resolution" })))
https://seoul.worldland.foundation/ - Some(hyper_util::client::legacy::Error(Connect, ConnectError("dns error", Custom { kind: Uncategorized, error: "failed to lookup address information: Temporary failure in name resolution" })))
https://seoul2.worldland.foundation/ - Some(hyper_util::client::legacy::Error(Connect, ConnectError("dns error", Custom { kind: Uncategorized, error: "failed to lookup address information: Temporary failure in name resolution" })))
https://klc.live/ - Some(hyper_util::client::legacy::Error(Connect, ConnectError("dns error", Custom { kind: Uncategorized, error: "failed to lookup address information: Temporary failure in name resolution" })))
https://devnet.web3games.org/evm - Some(hyper_util::client::legacy::Error(Connect, ConnectError("dns error", Custom { kind: Uncategorized, error: "failed to lookup address information: Temporary failure in name resolution" })))
https://evmexplorer.velas.com/rpc - Some(hyper_util::client::legacy::Error(Connect, ConnectError("dns error", Custom { kind: Uncategorized, error: "failed to lookup address information: Temporary failure in name resolution" })))
https://explorer.velas.com/rpc - Some(hyper_util::client::legacy::Error(Connect, ConnectError("dns error", Custom { kind: Uncategorized, error: "failed to lookup address information: Temporary failure in name resolution" })))
https://testnet.rpc.novanetwork.io/ - Some(hyper_util::client::legacy::Error(Connect, ConnectError("dns error", Custom { kind: Uncategorized, error: "failed to lookup address information: Temporary failure in name resolution" })))
https://mainnet-rpc.thundercore.com/ - Some(hyper_util::client::legacy::Error(Connect, ConnectError("dns error", Custom { kind: Uncategorized, error: "failed to lookup address information: Temporary failure in name resolution" })))
https://mainnet-rpc.thundertoken.net/ - Some(hyper_util::client::legacy::Error(Connect, ConnectError("dns error", Custom { kind: Uncategorized, error: "failed to lookup address information: Temporary failure in name resolution" })))
https://mainnet-rpc.thundercore.io/ - Some(hyper_util::client::legacy::Error(Connect, ConnectError("dns error", Custom { kind: Uncategorized, error: "failed to lookup address information: Temporary failure in name resolution" })))
https://www.shibrpc.com/ - Some(hyper_util::client::legacy::Error(Connect, ConnectError("dns error", Custom { kind: Uncategorized, error: "failed to lookup address information: Temporary failure in name resolution" })))
https://protontestnet.greymass.com/ - Some(hyper_util::client::legacy::Error(Connect, ConnectError("dns error", Custom { kind: Uncategorized, error: "failed to lookup address information: Temporary failure in name resolution" })))
https://rpc.etherlite.org/ - Some(hyper_util::client::legacy::Error(Connect, ConnectError("dns error", Custom { kind: Uncategorized, error: "failed to lookup address information: Temporary failure in name resolution" })))
https://coinbit-rpc-mainnet.chain.sbcrypto.app/ - Some(hyper_util::client::legacy::Error(Connect, ConnectError("dns error", Custom { kind: Uncategorized, error: "failed to lookup address information: Temporary failure in name resolution" })))
https://connect.dehvo.com/ - Some(hyper_util::client::legacy::Error(Connect, ConnectError("dns error", Custom { kind: Uncategorized, error: "failed to lookup address information: Temporary failure in name resolution" })))
https://rpc.dehvo.com/ - Some(hyper_util::client::legacy::Error(Connect, ConnectError("dns error", Custom { kind: Uncategorized, error: "failed to lookup address information: Temporary failure in name resolution" })))
https://rpc1.dehvo.com/ - Some(hyper_util::client::legacy::Error(Connect, ConnectError("dns error", Custom { kind: Uncategorized, error: "failed to lookup address information: Temporary failure in name resolution" })))
https://rpc2.dehvo.com/ - Some(hyper_util::client::legacy::Error(Connect, ConnectError("dns error", Custom { kind: Uncategorized, error: "failed to lookup address information: Temporary failure in name resolution" })))
https://coston2-api.flare.network/ext/C/rpc - Some(hyper_util::client::legacy::Error(Connect, ConnectError("dns error", Custom { kind: Uncategorized, error: "failed to lookup address information: Temporary failure in name resolution" })))
https://flare-testnet-coston2.rpc.thirdweb.com/ - Some(hyper_util::client::legacy::Error(Connect, ConnectError("dns error", Custom { kind: Uncategorized, error: "failed to lookup address information: Temporary failure in name resolution" })))
https://flaretestnet-bundler.etherspot.io/ - Some(hyper_util::client::legacy::Error(Connect, ConnectError("dns error", Custom { kind: Uncategorized, error: "failed to lookup address information: Temporary failure in name resolution" })))
https://01-gravelines-005-01.rpc.tatum.io/ext/bc/C/rpc - Some(hyper_util::client::legacy::Error(Connect, ConnectError("dns error", Custom { kind: Uncategorized, error: "failed to lookup address information: Temporary failure in name resolution" })))
https://02-chicago-005-02.rpc.tatum.io/ext/bc/C/rpc - Some(hyper_util::client::legacy::Error(Connect, ConnectError("dns error", Custom { kind: Uncategorized, error: "failed to lookup address information: Temporary failure in name resolution" })))
https://02-tokyo-005-03.rpc.tatum.io/ext/bc/C/rpc - Some(hyper_util::client::legacy::Error(Connect, ConnectError("dns error", Custom { kind: Uncategorized, error: "failed to lookup address information: Temporary failure in name resolution" })))
https://coston2.enosys.global/ext/C/rpc - Some(hyper_util::client::legacy::Error(Connect, ConnectError("dns error", Custom { kind: Uncategorized, error: "failed to lookup address information: Temporary failure in name resolution" })))
https://json-rpc.uptick.network/ - Some(hyper_util::client::legacy::Error(Connect, ConnectError("dns error", Custom { kind: Uncategorized, error: "failed to lookup address information: Temporary failure in name resolution" })))
https://testnet.arcology.network/rpc - Some(hyper_util::client::legacy::Error(Connect, ConnectError("dns error", Custom { kind: Uncategorized, error: "failed to lookup address information: Temporary failure in name resolution" })))
https://evmapi.nuls.io/ - Some(hyper_util::client::legacy::Error(Connect, ConnectError("dns error", Custom { kind: Uncategorized, error: "failed to lookup address information: Temporary failure in name resolution" })))
https://evmapi2.nuls.io/ - Some(hyper_util::client::legacy::Error(Connect, ConnectError("dns error", Custom { kind: Uncategorized, error: "failed to lookup address information: Temporary failure in name resolution" })))
https://beta.evmapi.nuls.io/ - Some(hyper_util::client::legacy::Error(Connect, ConnectError("dns error", Custom { kind: Uncategorized, error: "failed to lookup address information: Temporary failure in name resolution" })))
https://beta.evmapi2.nuls.io/ - Some(hyper_util::client::legacy::Error(Connect, ConnectError("dns error", Custom { kind: Uncategorized, error: "failed to lookup address information: Temporary failure in name resolution" })))
https://rcl-dataseed1.rclsidechain.com/ - Some(hyper_util::client::legacy::Error(Connect, ConnectError("dns error", Custom { kind: Uncategorized, error: "failed to lookup address information: Temporary failure in name resolution" })))
https://rcl-dataseed2.rclsidechain.com/ - Some(hyper_util::client::legacy::Error(Connect, ConnectError("dns error", Custom { kind: Uncategorized, error: "failed to lookup address information: Temporary failure in name resolution" })))
https://rcl-dataseed3.rclsidechain.com/ - Some(hyper_util::client::legacy::Error(Connect, ConnectError("dns error", Custom { kind: Uncategorized, error: "failed to lookup address information: Temporary failure in name resolution" })))
https://rcl-dataseed4.rclsidechain.com/ - Some(hyper_util::client::legacy::Error(Connect, ConnectError("dns error", Custom { kind: Uncategorized, error: "failed to lookup address information: Temporary failure in name resolution" })))
wss://rcl-dataseed1.rclsidechain.com/v1/ - Some(BadScheme)
wss://rcl-dataseed2.rclsidechain.com/v1/ - Some(BadScheme)
wss://rcl-dataseed3.rclsidechain.com/v1/ - Some(BadScheme)
wss://rcl-dataseed4.rclsidechain.com/v1/ - Some(BadScheme)
https://rpc.fuse.io/ - Some(hyper_util::client::legacy::Error(Connect, ConnectError("dns error", Custom { kind: Uncategorized, error: "failed to lookup address information: Temporary failure in name resolution" })))
https://fuse.drpc.org/ - Some(hyper_util::client::legacy::Error(Connect, ConnectError("dns error", Custom { kind: Uncategorized, error: "failed to lookup address information: Temporary failure in name resolution" })))
wss://fuse.drpc.org/ - Some(BadScheme)
https://rpc.fusespark.io/ - Some(hyper_util::client::legacy::Error(Connect, ConnectError("dns error", Custom { kind: Uncategorized, error: "failed to lookup address information: Temporary failure in name resolution" })))
https://decentralized-web.tech/dw_rpc.php - Some(hyper_util::client::legacy::Error(Connect, ConnectError("dns error", Custom { kind: Uncategorized, error: "failed to lookup address information: Temporary failure in name resolution" })))
https://rpc.testnet.oychain.io/ - Some(hyper_util::client::legacy::Error(Connect, ConnectError("dns error", Custom { kind: Uncategorized, error: "failed to lookup address information: Temporary failure in name resolution" })))
https://rpc.mainnet.oychain.io/ - Some(hyper_util::client::legacy::Error(Connect, ConnectError("dns error", Custom { kind: Uncategorized, error: "failed to lookup address information: Temporary failure in name resolution" })))
https://http-mainnet.hecochain.com/ - Some(hyper_util::client::legacy::Error(Connect, ConnectError("dns error", Custom { kind: Uncategorized, error: "failed to lookup address information: Temporary failure in name resolution" })))
wss://ws-mainnet.hecochain.com/ - Some(BadScheme)
https://rpc.innovatorchain.com/ - Some(hyper_util::client::legacy::Error(Connect, ConnectError("dns error", Custom { kind: Uncategorized, error: "failed to lookup address information: Temporary failure in name resolution" })))
https://tokioswift.engram.tech/ - Some(hyper_util::client::legacy::Error(Connect, ConnectError("dns error", Custom { kind: Uncategorized, error: "failed to lookup address information: Temporary failure in name resolution" })))
https://tokio-archive.engram.tech/ - Some(hyper_util::client::legacy::Error(Connect, ConnectError("dns error", Custom { kind: Uncategorized, error: "failed to lookup address information: Temporary failure in name resolution" })))
https://rpc.chain.namefi.io/ - Some(hyper_util::client::legacy::Error(Connect, ConnectError("dns error", Custom { kind: Uncategorized, error: "failed to lookup address information: Temporary failure in name resolution" })))
https://hashkeychain-testnet.alt.technology/ - Some(hyper_util::client::legacy::Error(Connect, ConnectError("dns error", Custom { kind: Uncategorized, error: "failed to lookup address information: Temporary failure in name resolution" })))
https://bellecour.iex.ec/ - Some(hyper_util::client::legacy::Error(Connect, ConnectError("dns error", Custom { kind: Uncategorized, error: "failed to lookup address information: Temporary failure in name resolution" })))
https://testnet-rpc.alyxchain.com/ - Some(hyper_util::client::legacy::Error(Connect, ConnectError("dns error", Custom { kind: Uncategorized, error: "failed to lookup address information: Temporary failure in name resolution" })))
https://mainnet.deamchain.com/ - Some(hyper_util::client::legacy::Error(Connect, ConnectError("dns error", Custom { kind: Uncategorized, error: "failed to lookup address information: Temporary failure in name resolution" })))
https://polygon-rpc.com/ - Some(hyper_util::client::legacy::Error(Connect, ConnectError("dns error", Custom { kind: Uncategorized, error: "failed to lookup address information: Temporary failure in name resolution" })))
https://rpc-mainnet.matic.network/ - Some(hyper_util::client::legacy::Error(Connect, ConnectError("dns error", Custom { kind: Uncategorized, error: "failed to lookup address information: Temporary failure in name resolution" })))
https://matic-mainnet.chainstacklabs.com/ - Some(hyper_util::client::legacy::Error(Connect, ConnectError("dns error", Custom { kind: Uncategorized, error: "failed to lookup address information: Temporary failure in name resolution" })))
https://rpc-mainnet.maticvigil.com/ - Some(hyper_util::client::legacy::Error(Connect, ConnectError("dns error", Custom { kind: Uncategorized, error: "failed to lookup address information: Temporary failure in name resolution" })))
https://rpc-mainnet.matic.quiknode.pro/ - Some(hyper_util::client::legacy::Error(Connect, ConnectError("dns error", Custom { kind: Uncategorized, error: "failed to lookup address information: Temporary failure in name resolution" })))
https://matic-mainnet-full-rpc.bwarelabs.com/ - Some(hyper_util::client::legacy::Error(Connect, ConnectError("dns error", Custom { kind: Uncategorized, error: "failed to lookup address information: Temporary failure in name resolution" })))
https://polygon-bor-rpc.publicnode.com/ - Some(hyper_util::client::legacy::Error(Connect, ConnectError("dns error", Custom { kind: Uncategorized, error: "failed to lookup address information: Temporary failure in name resolution" })))
wss://polygon-bor-rpc.publicnode.com/ - Some(BadScheme)
https://polygon.gateway.tenderly.co/ - Some(hyper_util::client::legacy::Error(Connect, ConnectError("dns error", Custom { kind: Uncategorized, error: "failed to lookup address information: Temporary failure in name resolution" })))
wss://polygon.gateway.tenderly.co/ - Some(BadScheme)
https://polygon.drpc.org/ - Some(hyper_util::client::legacy::Error(Connect, ConnectError("dns error", Custom { kind: Uncategorized, error: "failed to lookup address information: Temporary failure in name resolution" })))
wss://polygon.drpc.org/ - Some(BadScheme)
https://rpc.defi-oracle.io/ - Some(hyper_util::client::legacy::Error(Connect, ConnectError("dns error", Custom { kind: Uncategorized, error: "failed to lookup address information: No address associated with hostname" })))
wss://wss.defi-oracle.io/ - Some(BadScheme)
ws://mainnet.eternalcoin.io/v1/ws - Some(BadScheme)
https://testnet.openpiece.io/ - Some(TimedOut)
https://rpc.prodax.io/ - Some(hyper_util::client::legacy::Error(Connect, ConnectError("dns error", Custom { kind: Uncategorized, error: "failed to lookup address information: Name or service not known" })))
https://connect.phi.network/ - Some(TimedOut)
https://rpc-testnet.soraai.bot/ - Some(TimedOut)
https://testnet-rpc.oeblock.com/ - Some(hyper_util::client::legacy::Error(Connect, ConnectError("dns error", Custom { kind: Uncategorized, error: "failed to lookup address information: Name or service not known" })))
https://evascan.io/api/eth-rpc/ - Some(TimedOut)
https://testnet.evascan.io/api/eth-rpc/ - Some(TimedOut)
https://node.sirius.lightstreams.io/ - Some(hyper_util::client::legacy::Error(Connect, Ssl(Error { code: ErrorCode(5), cause: Some(Io(Os { code: 104, kind: ConnectionReset, message: "Connection reset by peer" })) }, X509VerifyResult { code: 0, error: "ok" })))
https://node.mainnet.lightstreams.io/ - Some(hyper_util::client::legacy::Error(Connect, Ssl(Error { code: ErrorCode(5), cause: Some(Io(Os { code: 104, kind: ConnectionReset, message: "Connection reset by peer" })) }, X509VerifyResult { code: 0, error: "ok" })))
https://node.atoshi.io/ - Some(hyper_util::client::legacy::Error(Connect, Ssl(Error { code: ErrorCode(1), cause: Some(Ssl(ErrorStack([Error { code: 167772294, library: "SSL routines", function: "tls_post_process_server_certificate", reason: "certificate verify failed", file: "../ssl/statem/statem_clnt.c", line: 1889 }]))) }, X509VerifyResult { code: 62, error: "hostname mismatch" })))
wss://manta-pacific.drpc.org/ - Some(BadScheme)
https://rpc.latam-blockchain.com/ - Some(hyper_util::client::legacy::Error(Connect, ConnectError("dns error", Custom { kind: Uncategorized, error: "failed to lookup address information: Name or service not known" })))
wss://ws.latam-blockchain.com/ - Some(BadScheme)
https://rpc.dcnetio.cloud/ - Some(hyper_util::client::legacy::Error(Connect, Ssl(Error { code: ErrorCode(5), cause: Some(Io(Os { code: 104, kind: ConnectionReset, message: "Connection reset by peer" })) }, X509VerifyResult { code: 0, error: "ok" })))
wss://ws.dcnetio.cloud/ - Some(BadScheme)
https://mainnet.bmcchain.com/ - Some(hyper_util::client::legacy::Error(Connect, ConnectError("dns error", Custom { kind: Uncategorized, error: "failed to lookup address information: Name or service not known" })))
https://testnet.bmcchain.com/ - Some(hyper_util::client::legacy::Error(Connect, ConnectError("dns error", Custom { kind: Uncategorized, error: "failed to lookup address information: Name or service not known" })))
https://testnet-rpc.neutrinoschain.com/ - Some(TimedOut)
https://rpc.bitchain.biz/ - Some(hyper_util::client::legacy::Error(Connect, ConnectError("dns error", Custom { kind: Uncategorized, error: "failed to lookup address information: Name or service not known" })))
wss://bittorrent.drpc.org/ - Some(BadScheme)
https://arbitrum.xdaichain.com/ - Some(hyper_util::client::legacy::Error(Connect, ConnectError("dns error", Custom { kind: Uncategorized, error: "failed to lookup address information: Name or service not known" })))
https://gateway.moac.io/testnet - Some(hyper_util::client::legacy::Error(Connect, Ssl(Error { code: ErrorCode(1), cause: Some(Ssl(ErrorStack([Error { code: 167772294, library: "SSL routines", function: "tls_post_process_server_certificate", reason: "certificate verify failed", file: "../ssl/statem/statem_clnt.c", line: 1889 }]))) }, X509VerifyResult { code: 10, error: "certificate has expired" })))
wss://opbnb-mainnet.nodereal.io/ws/v1/64a9df0874fb4a93b9d0a3849de012d3 - Some(BadScheme)
wss://opbnb-mainnet.nodereal.io/ws/v1/e9a36765eb8a40b9bd12e680a1fd2bc5 - Some(BadScheme)
wss://opbnb-rpc.publicnode.com/ - Some(BadScheme)
wss://opbnb.drpc.org/ - Some(BadScheme)
https://mainnet.structx.io/ - Some(hyper_util::client::legacy::Error(Connect, ConnectError("dns error", Custom { kind: Uncategorized, error: "failed to lookup address information: No address associated with hostname" })))
http://13.57.207.168:3435/ - Some(TimedOut)
https://app.freighttrust.net/ftn/$%7BAPI_KEY%7D - Some(hyper_util::client::legacy::Error(Connect, ConnectError("dns error", Custom { kind: Uncategorized, error: "failed to lookup address information: Name or service not known" })))
https://mainnet.shinarium.org/ - Some(TimedOut)
https://rpc.soter.one/ - Some(hyper_util::client::legacy::Error(Connect, ConnectError("dns error", Custom { kind: Uncategorized, error: "failed to lookup address information: Name or service not known" })))
https://rpc-sepolia.scalind.com/ - Some(hyper_util::client::legacy::Error(Connect, ConnectError("dns error", Custom { kind: Uncategorized, error: "failed to lookup address information: Name or service not known" })))
https://blockchain-api-mainnet.permission.io/rpc - Some(hyper_util::client::legacy::Error(Connect, ConnectError("dns error", Custom { kind: Uncategorized, error: "failed to lookup address information: Name or service not known" })))
https://b2-mainnet-public.s.chainbase.com/ - Some(hyper_util::client::legacy::Error(Connect, ConnectError("dns error", Custom { kind: Uncategorized, error: "failed to lookup address information: Name or service not known" })))
https://testnet-rpc.vrd.network/ - Some(TimedOut)
https://rpc_mainnet.mindnetwork.xyz/ - Some(hyper_util::client::legacy::Error(Connect, ConnectError("dns error", Custom { kind: Uncategorized, error: "failed to lookup address information: Name or service not known" })))
wss://rpc_mainnet.mindnetwork.xyz/ - Some(BadScheme)
wss://ss.swapdex.network/ - Some(BadScheme)
https://rpcurl.mainnet.plgchain.com/ - Some(hyper_util::client::legacy::Error(Connect, ConnectError("dns error", Custom { kind: Uncategorized, error: "failed to lookup address information: Name or service not known" })))
https://rpcurl.plgchain.blockchain.evmnode.online/ - Some(hyper_util::client::legacy::Error(Connect, ConnectError("dns error", Custom { kind: Uncategorized, error: "failed to lookup address information: Name or service not known" })))
https://rpcurl.mainnet.plgchain.plinga.technology/ - Some(hyper_util::client::legacy::Error(Connect, ConnectError("dns error", Custom { kind: Uncategorized, error: "failed to lookup address information: Name or service not known" })))
wss://rpc.energyweb.org/ws - Some(BadScheme)
wss://fantom-rpc.publicnode.com/ - Some(BadScheme)
wss://fantom.drpc.org/ - Some(BadScheme)
https://http-testnet.hecochain.com/ - Some(hyper_util::client::legacy::Error(Connect, ConnectError("dns error", Custom { kind: Uncategorized, error: "failed to lookup address information: Name or service not known" })))
wss://ws-testnet.hecochain.com/ - Some(BadScheme)
https://mainnet.neonlink.io/ - Some(hyper_util::client::legacy::Error(Connect, ConnectError("dns error", Custom { kind: Uncategorized, error: "failed to lookup address information: Name or service not known" })))
https://sur.nilin.org/ - Some(TimedOut)
wss://ws.hpbnode.com/ - Some(BadScheme)
https://lachain.rpc-nodes.cedalio.dev/ - Some(hyper_util::client::legacy::Error(Connect, ConnectError("dns error", Custom { kind: Uncategorized, error: "failed to lookup address information: Name or service not known" })))
https://rpc_mainnet.xfair.ai/ - Some(hyper_util::client::legacy::Error(Connect, ConnectError("dns error", Custom { kind: Uncategorized, error: "failed to lookup address information: Name or service not known" })))
wss://rpc_mainnet.xfair.ai/ - Some(BadScheme)
https://bpx-dataseed.infinex.cc/ - Some(TimedOut)
https://testnet.era.zksync.dev/ - Some(hyper_util::client::legacy::Error(Connect, Ssl(Error { code: ErrorCode(5), cause: None }, X509VerifyResult { code: 0, error: "ok" })))
wss://boba-ethereum.gateway.tenderly.co/ - Some(BadScheme)
wss://gateway.tenderly.co/public/boba-ethereum - Some(BadScheme)
wss://boba-eth.drpc.org/ - Some(BadScheme)
wss://zksync-sepolia.drpc.org/ - Some(BadScheme)
https://bobaopera.boba.network/ - Some(hyper_util::client::legacy::Error(Connect, ConnectError("dns error", Custom { kind: Uncategorized, error: "failed to lookup address information: Name or service not known" })))
wss://wss.bobaopera.boba.network/ - Some(BadScheme)
https://replica.bobaopera.boba.network/ - Some(hyper_util::client::legacy::Error(Connect, ConnectError("dns error", Custom { kind: Uncategorized, error: "failed to lookup address information: Name or service not known" })))
wss://replica-wss.bobaopera.boba.network/ - Some(BadScheme)
https://sepolia.rpc.zkcandy.io/ - Some(TimedOut)
https://mainnet.zksats.io/ - Some(TimedOut)
https://trpc.lovely.network/ - Some(TimedOut)
https://rpc.furtheon.org/ - Some(hyper_util::client::legacy::Error(Connect, ConnectError("tcp connect error", Os { code: 111, kind: ConnectionRefused, message: "Connection refused" })))
https://filecoin-mainnet.chainstacklabs.com/rpc/v1 - Some(hyper_util::client::legacy::Error(Connect, ConnectError("dns error", Custom { kind: Uncategorized, error: "failed to lookup address information: No address associated with hostname" })))
wss://filecoin.drpc.org/ - Some(BadScheme)
https://public-rpc.blockpi.io/http/kcc - Some(hyper_util::client::legacy::Error(Connect, ConnectError("dns error", Custom { kind: Uncategorized, error: "failed to lookup address information: No address associated with hostname" })))
https://rpc.cosvm.net/ - Some(hyper_util::client::legacy::Error(Connect, Ssl(Error { code: ErrorCode(1), cause: Some(Ssl(ErrorStack([Error { code: 167772294, library: "SSL routines", function: "tls_post_process_server_certificate", reason: "certificate verify failed", file: "../ssl/statem/statem_clnt.c", line: 1889 }]))) }, X509VerifyResult { code: 10, error: "certificate has expired" })))
wss://zksync.drpc.org/ - Some(BadScheme)
https://mainnet.web3q.io:8545/ - Some(hyper_util::client::legacy::Error(Connect, ConnectError("dns error", Custom { kind: Uncategorized, error: "failed to lookup address information: Name or service not known" })))
wss://shiden.api.onfinality.io/public-ws - Some(BadScheme)
wss://shiden.public.blastapi.io/ - Some(BadScheme)
wss://shiden-rpc.dwellir.com/ - Some(BadScheme)
wss://cronos-testnet.drpc.org/ - Some(BadScheme)
https://eth-rpc-api-sapphire.thetatoken.org/rpc - Some(hyper_util::client::legacy::Error(Connect, ConnectError("dns error", Custom { kind: Uncategorized, error: "failed to lookup address information: No address associated with hostname" })))
https://eth-rpc-api-amber.thetatoken.org/rpc - Some(hyper_util::client::legacy::Error(Connect, ConnectError("dns error", Custom { kind: Uncategorized, error: "failed to lookup address information: No address associated with hostname" })))
wss://rpc.pulsechain.com/ - Some(BadScheme)
wss://pulsechain-rpc.publicnode.com/ - Some(BadScheme)
wss://rpc-pulsechain.g4mm4.io/ - Some(BadScheme)
https://rpc-testnet.theconsta.com/ - Some(TimedOut)
https://rpc.testnet.zkamoeba.com:4050/ - Some(hyper_util::client::legacy::Error(Connect, ConnectError("dns error", Custom { kind: Uncategorized, error: "failed to lookup address information: Name or service not known" })))
https://rpc1.testnet.zkamoeba.com:4050/ - Some(hyper_util::client::legacy::Error(Connect, ConnectError("dns error", Custom { kind: Uncategorized, error: "failed to lookup address information: Name or service not known" })))
https://rpc.mainnet.zkamoeba.com/rpc - Some(hyper_util::client::legacy::Error(Connect, ConnectError("dns error", Custom { kind: Uncategorized, error: "failed to lookup address information: Name or service not known" })))
wss://ws.nativ3.network/ - Some(BadScheme)
https://testnet-rpc.hyperonchain.com/ - Some(hyper_util::client::legacy::Error(Connect, ConnectError("dns error", Custom { kind: Uncategorized, error: "failed to lookup address information: Name or service not known" })))
wss://rpc.syndr.com/ws - Some(BadScheme)
https://goerli.optimism.io/ - Some(hyper_util::client::legacy::Error(Connect, ConnectError("dns error", Custom { kind: Uncategorized, error: "failed to lookup address information: No address associated with hostname" })))
wss://optimism-goerli-rpc.publicnode.com/ - Some(BadScheme)
wss://optimism-goerli.gateway.tenderly.co/ - Some(BadScheme)
wss://optimism-testnet.drpc.org/ - Some(BadScheme)
https://rpc.zeeth.io/ - Some(hyper_util::client::legacy::Error(Connect, ConnectError("dns error", Custom { kind: Uncategorized, error: "failed to lookup address information: Name or service not known" })))
https://evm-rpc.mainnet.boyaa.network/ - Some(hyper_util::client::legacy::Error(Connect, ConnectError("dns error", Custom { kind: Uncategorized, error: "failed to lookup address information: Name or service not known" })))
https://sepolia.synapseprotocol.com/ - Some(hyper_util::client::legacy::Error(Connect, ConnectError("dns error", Custom { kind: Uncategorized, error: "failed to lookup address information: Name or service not known" })))
https://rpc-mainnet.syndicate.io/ - Some(hyper_util::client::legacy::Error(Connect, ConnectError("dns error", Custom { kind: Uncategorized, error: "failed to lookup address information: Name or service not known" })))
https://rpc-testnet.acuteangle.com/ - Some(hyper_util::client::legacy::Error(Connect, ConnectError("tcp connect error", Os { code: 111, kind: ConnectionRefused, message: "Connection refused" })))
https://fx-json-web3.functionx.io:8545/ - Some(TimedOut)
https://candle-rpc.com/ - Some(hyper_util::client::legacy::Error(Connect, ConnectError("dns error", Custom { kind: Uncategorized, error: "failed to lookup address information: Name or service not known" })))
https://rpc.cndlchain.com/ - Some(hyper_util::client::legacy::Error(Connect, ConnectError("dns error", Custom { kind: Uncategorized, error: "failed to lookup address information: Name or service not known" })))
https://pawchainx.com/ - Some(TimedOut)
https://testnet.evm.nodes.onflow.org/ - Some(hyper_util::client::legacy::Error(Connect, ConnectError("dns error", Custom { kind: Uncategorized, error: "failed to lookup address information: Name or service not known" })))
https://rpc.velaverse.io/ - Some(hyper_util::client::legacy::Error(Connect, ConnectError("dns error", Custom { kind: Uncategorized, error: "failed to lookup address information: Name or service not known" })))
https://rpc.testnet.tao.network/ - Some(hyper_util::client::legacy::Error(Connect, ConnectError("dns error", Custom { kind: Uncategorized, error: "failed to lookup address information: Name or service not known" })))
http://rpc.testnet.tao.network:8545/ - Some(hyper_util::client::legacy::Error(Connect, ConnectError("dns error", Custom { kind: Uncategorized, error: "failed to lookup address information: Name or service not known" })))
https://rpc.tao.network/ - Some(hyper_util::client::legacy::Error(Connect, ConnectError("dns error", Custom { kind: Uncategorized, error: "failed to lookup address information: Name or service not known" })))
wss://rpc.tao.network/ - Some(BadScheme)
wss://rpc.rollux.com/wss - Some(BadScheme)
wss://rollux.rpc.syscoin.org/wss - Some(BadScheme)
https://rpc.filenova.org/ - Some(hyper_util::client::legacy::Error(Connect, ConnectError("tcp connect error", Os { code: 111, kind: ConnectionRefused, message: "Connection refused" })))
https://stardust.metis.io/?owner=588 - Some(hyper_util::client::legacy::Error(Connect, ConnectError("dns error", Custom { kind: Uncategorized, error: "failed to lookup address information: Name or service not known" })))
https://rpc.astar.network:8545/ - Some(TimedOut)
wss://eth-rpc-tc9.aca-staging.network/ - Some(BadScheme)
wss://eth-rpc-karura-testnet.aca-staging.network/ - Some(BadScheme)
wss://eth-rpc-acala-testnet.aca-staging.network/ - Some(BadScheme)
https://goerli.gateway.metisdevops.link/ - Some(hyper_util::client::legacy::Error(Connect, ConnectError("dns error", Custom { kind: Uncategorized, error: "failed to lookup address information: Name or service not known" })))
https://http-testnet.chain.pixie.xyz/ - Some(TimedOut)
wss://ws-testnet.chain.pixie.xyz/ - Some(BadScheme)
https://arrakis.gorengine.com/own - Some(hyper_util::client::legacy::Error(Connect, Ssl(Error { code: ErrorCode(1), cause: Some(Ssl(ErrorStack([Error { code: 167772294, library: "SSL routines", function: "tls_post_process_server_certificate", reason: "certificate verify failed", file: "../ssl/statem/statem_clnt.c", line: 1889 }]))) }, X509VerifyResult { code: 18, error: "self-signed certificate" })))
wss://arrakis.gorengine.com/own - Some(BadScheme)
https://rpc.juncachain.com/ - Some(TimedOut)
https://rpc-testnet.juncachain.com/ - Some(TimedOut)
wss://ws-testnet.juncachain.com/ - Some(BadScheme)
wss://eth-rpc-karura.aca-api.network/ - Some(BadScheme)
wss://rpc.redstonechain.com/ - Some(BadScheme)
https://avastar.cc/ext/bc/C/rpc - Some(hyper_util::client::legacy::Error(Connect, ConnectError("dns error", Custom { kind: Uncategorized, error: "failed to lookup address information: Name or service not known" })))
https://rpc-mainnet.bcsdev.io/ - Some(hyper_util::client::legacy::Error(Connect, ConnectError("dns error", Custom { kind: Uncategorized, error: "failed to lookup address information: No address associated with hostname" })))
wss://rpc-ws-mainnet.bcsdev.io/ - Some(BadScheme)
https://rpc-testnet.bcsdev.io/ - Some(hyper_util::client::legacy::Error(Connect, ConnectError("dns error", Custom { kind: Uncategorized, error: "failed to lookup address information: No address associated with hostname" })))
wss://rpc-ws-testnet.bcsdev.io/ - Some(BadScheme)
https://highbury.furya.io/ - Some(hyper_util::client::legacy::Error(Connect, ConnectError("dns error", Custom { kind: Uncategorized, error: "failed to lookup address information: Temporary failure in name resolution" })))
https://rest.furya.io/ - Some(hyper_util::client::legacy::Error(Connect, ConnectError("dns error", Custom { kind: Uncategorized, error: "failed to lookup address information: Temporary failure in name resolution" })))
https://rpc-mainnet-5.vrcscan.com/ - Some(TimedOut)
https://data.bluchain.pro/ - Some(hyper_util::client::legacy::Error(Connect, ConnectError("tcp connect error", Os { code: 111, kind: ConnectionRefused, message: "Connection refused" })))
https://rpc.lovely.network/ - Some(TimedOut)
https://eth.plexnode.wtf/ - Some(hyper_util::client::legacy::Error(Connect, ConnectError("dns error", Custom { kind: Uncategorized, error: "failed to lookup address information: Name or service not known" })))
https://node-testnet.vention.network/ - Some(TimedOut)
https://mainnet.evm.nodes.onflow.org/ - Some(hyper_util::client::legacy::Error(Connect, ConnectError("dns error", Custom { kind: Uncategorized, error: "failed to lookup address information: Name or service not known" })))
https://node.cheapeth.org/rpc - Some(TimedOut)
wss://eth-rpc-acala.aca-api.network/ - Some(BadScheme)
https://testnet-rpc.aerochain.id/ - Some(hyper_util::client::legacy::Error(Connect, ConnectError("dns error", Custom { kind: Uncategorized, error: "failed to lookup address information: Name or service not known" })))
https://rpc.lucidcoin.io/ - Some(hyper_util::client::legacy::Error(Connect, ConnectError("dns error", Custom { kind: Uncategorized, error: "failed to lookup address information: Name or service not known" })))
https://orig.haichain.io/ - Some(hyper_util::client::legacy::Error(Connect, ConnectError("dns error", Custom { kind: Uncategorized, error: "failed to lookup address information: Name or service not known" })))
https://rpc.woowow.io/ - Some(TimedOut)
https://dataseed1.beonechain.com/ - Some(hyper_util::client::legacy::Error(Connect, ConnectError("dns error", Custom { kind: Uncategorized, error: "failed to lookup address information: Name or service not known" })))
https://dataseed2.beonechain.com/ - Some(hyper_util::client::legacy::Error(Connect, ConnectError("dns error", Custom { kind: Uncategorized, error: "failed to lookup address information: Name or service not known" })))
https://dataseed-us1.beonechain.com/ - Some(hyper_util::client::legacy::Error(Connect, ConnectError("dns error", Custom { kind: Uncategorized, error: "failed to lookup address information: Name or service not known" })))
https://dataseed-us2.beonechain.com/ - Some(hyper_util::client::legacy::Error(Connect, ConnectError("dns error", Custom { kind: Uncategorized, error: "failed to lookup address information: Name or service not known" })))
https://dataseed-uk1.beonechain.com/ - Some(hyper_util::client::legacy::Error(Connect, ConnectError("dns error", Custom { kind: Uncategorized, error: "failed to lookup address information: Name or service not known" })))
https://dataseed-uk2.beonechain.com/ - Some(hyper_util::client::legacy::Error(Connect, ConnectError("dns error", Custom { kind: Uncategorized, error: "failed to lookup address information: Name or service not known" })))
https://rpc.dev.zeeth.io/ - Some(hyper_util::client::legacy::Error(Connect, ConnectError("dns error", Custom { kind: Uncategorized, error: "failed to lookup address information: Name or service not known" })))
https://mainnet-data1.fantasiachain.com/ - Some(hyper_util::client::legacy::Error(Connect, Ssl(Error { code: ErrorCode(1), cause: Some(Ssl(ErrorStack([Error { code: 167773240, library: "SSL routines", function: "ssl3_read_bytes", reason: "tlsv1 alert internal error", file: "../ssl/record/rec_layer_s3.c", line: 1586, data: "SSL alert number 80" }]))) }, X509VerifyResult { code: 0, error: "ok" })))
https://mainnet-data2.fantasiachain.com/ - Some(hyper_util::client::legacy::Error(Connect, Ssl(Error { code: ErrorCode(1), cause: Some(Ssl(ErrorStack([Error { code: 167773240, library: "SSL routines", function: "ssl3_read_bytes", reason: "tlsv1 alert internal error", file: "../ssl/record/rec_layer_s3.c", line: 1586, data: "SSL alert number 80" }]))) }, X509VerifyResult { code: 0, error: "ok" })))
https://mainnet-data3.fantasiachain.com/ - Some(hyper_util::client::legacy::Error(Connect, Ssl(Error { code: ErrorCode(1), cause: Some(Ssl(ErrorStack([Error { code: 167773240, library: "SSL routines", function: "ssl3_read_bytes", reason: "tlsv1 alert internal error", file: "../ssl/record/rec_layer_s3.c", line: 1586, data: "SSL alert number 80" }]))) }, X509VerifyResult { code: 0, error: "ok" })))
https://dxt.dexit.network/ - Some(hyper_util::client::legacy::Error(Connect, Ssl(Error { code: ErrorCode(1), cause: Some(Ssl(ErrorStack([Error { code: 167772294, library: "SSL routines", function: "tls_post_process_server_certificate", reason: "certificate verify failed", file: "../ssl/statem/statem_clnt.c", line: 1889 }]))) }, X509VerifyResult { code: 62, error: "hostname mismatch" })))
https://api.ambros.network/ - Some(TimedOut)
https://gwan-ssl.wandevs.org:56891/ - Some(TimedOut)
https://layer1test.decentrabone.com/ - Some(hyper_util::client::legacy::Error(Connect, ConnectError("dns error", Custom { kind: Uncategorized, error: "failed to lookup address information: Name or service not known" })))
https://rpc.v2.testnet.pulsechain.com/ - Some(hyper_util::client::legacy::Error(Connect, ConnectError("dns error", Custom { kind: Uncategorized, error: "failed to lookup address information: Name or service not known" })))
wss://rpc.v2.testnet.pulsechain.com/ - Some(BadScheme)
https://rpc.v2b.testnet.pulsechain.com/ - Some(hyper_util::client::legacy::Error(Connect, ConnectError("dns error", Custom { kind: Uncategorized, error: "failed to lookup address information: Name or service not known" })))
wss://rpc.v2b.testnet.pulsechain.com/ - Some(BadScheme)
https://rpc.v3.testnet.pulsechain.com/ - Some(hyper_util::client::legacy::Error(Connect, ConnectError("dns error", Custom { kind: Uncategorized, error: "failed to lookup address information: Name or service not known" })))
wss://rpc.v3.testnet.pulsechain.com/ - Some(BadScheme)
wss://rpc.v4.testnet.pulsechain.com/ - Some(BadScheme)
wss://pulsechain-testnet-rpc.publicnode.com/ - Some(BadScheme)
wss://rpc-testnet-pulsechain.g4mm4.io/ - Some(BadScheme)
https://rpc.ethxy.com/ - Some(hyper_util::client::legacy::Error(Connect, ConnectError("dns error", Custom { kind: Uncategorized, error: "failed to lookup address information: Name or service not known" })))
https://api.nepalblockchain.dev/ - Some(hyper_util::client::legacy::Error(Connect, ConnectError("dns error", Custom { kind: Uncategorized, error: "failed to lookup address information: Name or service not known" })))
https://api.nepalblockchain.network/ - Some(TooManyRedirects)
https://chain.metamemo.one:8501/ - Some(TimedOut)
wss://chain.metamemo.one:16801/ - Some(BadScheme)
https://rpc-testnet.5ire.network/ - Some(TimedOut)
https://rpc.luckynetwork.org/ - Some(hyper_util::client::legacy::Error(Connect, ConnectError("dns error", Custom { kind: Uncategorized, error: "failed to lookup address information: Name or service not known" })))
wss://ws.lnscan.org/ - Some(BadScheme)
https://rpc.lnscan.org/ - Some(hyper_util::client::legacy::Error(Connect, ConnectError("dns error", Custom { kind: Uncategorized, error: "failed to lookup address information: Name or service not known" })))
https://gwan-ssl.wandevs.org:46891/ - Some(TimedOut)
https://rpc.gton.network/ - Some(TimedOut)
https://rpc.softnote.com/ - Some(hyper_util::client::legacy::Error(Connect, Ssl(Error { code: ErrorCode(1), cause: Some(Ssl(ErrorStack([Error { code: 167772294, library: "SSL routines", function: "tls_post_process_server_certificate", reason: "certificate verify failed", file: "../ssl/statem/statem_clnt.c", line: 1889 }]))) }, X509VerifyResult { code: 62, error: "hostname mismatch" })))
https://test.ekta.io:8545/ - Some(TimedOut)
https://mainnet.eurus.network/ - Some(hyper_util::client::legacy::Error(Connect, Ssl(Error { code: ErrorCode(1), cause: Some(Ssl(ErrorStack([Error { code: 167772294, library: "SSL routines", function: "tls_post_process_server_certificate", reason: "certificate verify failed", file: "../ssl/statem/statem_clnt.c", line: 1889 }]))) }, X509VerifyResult { code: 62, error: "hostname mismatch" })))
https://testrpc.bittorrentchain.io/ - Some(hyper_util::client::legacy::Error(Connect, ConnectError("dns error", Custom { kind: Uncategorized, error: "failed to lookup address information: No address associated with hostname" })))
http://128.199.94.183:8041/ - Some(TimedOut)
https://evm-testnet.bronos.org/ - Some(hyper_util::client::legacy::Error(Connect, Ssl(Error { code: ErrorCode(1), cause: Some(Ssl(ErrorStack([Error { code: 167772294, library: "SSL routines", function: "tls_post_process_server_certificate", reason: "certificate verify failed", file: "../ssl/statem/statem_clnt.c", line: 1889 }]))) }, X509VerifyResult { code: 66, error: "EE certificate key too weak" })))
wss://metis.drpc.org/ - Some(BadScheme)
https://evm-rpc.mainnet.humans.zone/ - Some(hyper_util::client::legacy::Error(Connect, Ssl(Error { code: ErrorCode(1), cause: Some(Ssl(ErrorStack([Error { code: 167772294, library: "SSL routines", function: "tls_post_process_server_certificate", reason: "certificate verify failed", file: "../ssl/statem/statem_clnt.c", line: 1889 }]))) }, X509VerifyResult { code: 10, error: "certificate has expired" })))
wss://dymension-evm-rpc.publicnode.com/ - Some(BadScheme)
wss://polygon-zkevm.drpc.org/ - Some(BadScheme)
wss://ws.wemix.com/ - Some(BadScheme)
wss://ws.test.wemix.com/ - Some(BadScheme)
wss://core.drpc.org/ - Some(BadScheme)
https://mainnet-rpc.dogcoin.me/ - Some(hyper_util::client::legacy::Error(Connect, ConnectError("dns error", Custom { kind: Uncategorized, error: "failed to lookup address information: Name or service not known" })))
https://testnet-dmc.mydefichain.com:20551/ - Some(TimedOut)
https://testnet-rpc.amstarscan.com/ - Some(TimedOut)
https://mathchain-asia.maiziqianbao.net/rpc - Some(hyper_util::client::legacy::Error(Connect, ConnectError("dns error", Custom { kind: Uncategorized, error: "failed to lookup address information: Name or service not known" })))
https://mathchain-us.maiziqianbao.net/rpc - Some(TimedOut)
https://galois-hk.maiziqianbao.net/rpc - Some(hyper_util::client::legacy::Error(Connect, Ssl(Error { code: ErrorCode(1), cause: Some(Ssl(ErrorStack([Error { code: 167772294, library: "SSL routines", function: "tls_post_process_server_certificate", reason: "certificate verify failed", file: "../ssl/statem/statem_clnt.c", line: 1889 }]))) }, X509VerifyResult { code: 10, error: "certificate has expired" })))
https://s2.tl.web.tr:4041/ - Some(TimedOut)
wss://mainnet-rpc.cuckoo.network/ - Some(BadScheme)
https://seed5.evanesco.org:8547/ - Some(TimedOut)
https://rpc.cadaut.com/ - Some(hyper_util::client::legacy::Error(Connect, ConnectError("dns error", Custom { kind: Uncategorized, error: "failed to lookup address information: Name or service not known" })))
wss://rpc.cadaut.com/ws - Some(BadScheme)
wss://testnet-rpc.cuckoo.network/ - Some(BadScheme)
wss://hybrid-testnet.rpc.caldera.xyz/ws - Some(BadScheme)
https://mainnet.exzo.technology/ - Some(hyper_util::client::legacy::Error(Connect, Ssl(Error { code: ErrorCode(1), cause: Some(Ssl(ErrorStack([Error { code: 167772294, library: "SSL routines", function: "tls_post_process_server_certificate", reason: "certificate verify failed", file: "../ssl/statem/statem_clnt.c", line: 1889 }]))) }, X509VerifyResult { code: 18, error: "self-signed certificate" })))
https://rpc-main-1.archiechain.io/ - Some(TimedOut)
https://rpc-test-1.archiechain.io/ - Some(TimedOut)
wss://wss.api.moonbeam.network/ - Some(BadScheme)
wss://moonbeam.public.blastapi.io/ - Some(BadScheme)
wss://moonbeam-rpc.dwellir.com/ - Some(BadScheme)
wss://moonbeam.api.onfinality.io/public-ws - Some(BadScheme)
wss://moonbeam.unitedbloc.com/ - Some(BadScheme)
wss://moonbeam-rpc.publicnode.com/ - Some(BadScheme)
wss://moonbeam.drpc.org/ - Some(BadScheme)
wss://wss.api.moonriver.moonbeam.network/ - Some(BadScheme)
wss://moonriver.public.blastapi.io/ - Some(BadScheme)
wss://moonriver-rpc.dwellir.com/ - Some(BadScheme)
wss://moonriver.api.onfinality.io/public-ws - Some(BadScheme)
wss://moonriver.unitedbloc.com/ - Some(BadScheme)
wss://moonriver-rpc.publicnode.com/ - Some(BadScheme)
wss://moonriver.drpc.org/ - Some(BadScheme)
wss://wss.api.moonbase.moonbeam.network/ - Some(BadScheme)
wss://moonbase-alpha.public.blastapi.io/ - Some(BadScheme)
wss://moonbase-rpc.dwellir.com/ - Some(BadScheme)
wss://moonbeam-alpha.api.onfinality.io/public-ws - Some(BadScheme)
wss://moonbase.unitedbloc.com/ - Some(BadScheme)
wss://moonbase-alpha.drpc.org/ - Some(BadScheme)
https://rpc.api.moonrock.moonbeam.network/ - Some(TimedOut)
wss://wss.api.moonrock.moonbeam.network/ - Some(BadScheme)
https://bobabeam.boba.network/ - Some(hyper_util::client::legacy::Error(Connect, ConnectError("dns error", Custom { kind: Uncategorized, error: "failed to lookup address information: Name or service not known" })))
wss://wss.bobabeam.boba.network/ - Some(BadScheme)
https://replica.bobabeam.boba.network/ - Some(hyper_util::client::legacy::Error(Connect, ConnectError("dns error", Custom { kind: Uncategorized, error: "failed to lookup address information: Name or service not known" })))
wss://replica-wss.bobabeam.boba.network/ - Some(BadScheme)
https://bobabase.boba.network/ - Some(hyper_util::client::legacy::Error(Connect, ConnectError("dns error", Custom { kind: Uncategorized, error: "failed to lookup address information: Name or service not known" })))
wss://wss.bobabase.boba.network/ - Some(BadScheme)
https://replica.bobabase.boba.network/ - Some(hyper_util::client::legacy::Error(Connect, ConnectError("dns error", Custom { kind: Uncategorized, error: "failed to lookup address information: Name or service not known" })))
wss://replica-wss.bobabase.boba.network/ - Some(BadScheme)
wss://evm-ws-testnet.sei-apis.com/ - Some(BadScheme)
wss://evm-ws.sei-apis.com/ - Some(BadScheme)
http://127.0.0.1:8545/ - Some(hyper_util::client::legacy::Error(Connect, ConnectError("tcp connect error", Os { code: 111, kind: ConnectionRefused, message: "Connection refused" })))
https://rpc-api.kalarchain.tech/ - Some(hyper_util::client::legacy::Error(Connect, Ssl(Error { code: ErrorCode(1), cause: Some(Ssl(ErrorStack([Error { code: 167773240, library: "SSL routines", function: "ssl3_read_bytes", reason: "tlsv1 alert internal error", file: "../ssl/record/rec_layer_s3.c", line: 1586, data: "SSL alert number 80" }]))) }, X509VerifyResult { code: 0, error: "ok" })))
https://mainnet-rpc.amstarscan.com/ - Some(TimedOut)
https://rpc.rikscan.com/ - Some(hyper_util::client::legacy::Error(Connect, ConnectError("tcp connect error", Os { code: 111, kind: ConnectionRefused, message: "Connection refused" })))
https://rpc.public.zkevm-test.net/ - Some(hyper_util::client::legacy::Error(Connect, ConnectError("dns error", Custom { kind: Uncategorized, error: "failed to lookup address information: Name or service not known" })))
wss://polygon-zkevm-testnet.drpc.org/ - Some(BadScheme)
https://rpc.giltestnet.com/ - Some(TimedOut)
wss://mainnet.infura.io/ws/v3/$%7BINFURA_API_KEY%7D - Some(BadScheme)
wss://ethereum-rpc.publicnode.com/ - Some(BadScheme)
wss://mainnet.gateway.tenderly.co/ - Some(BadScheme)
wss://mainnet.infura.io/ws/v3/$%7BINFURA_API_KEY%7D - Some(BadScheme)
wss://ethereum-rpc.publicnode.com/ - Some(BadScheme)
wss://mainnet.gateway.tenderly.co/ - Some(BadScheme)
wss://eth.drpc.org/ - Some(BadScheme)
wss://ropsten.infura.io/ws/v3/$%7BINFURA_API_KEY%7D - Some(BadScheme)
wss://rinkeby.infura.io/ws/v3/$%7BINFURA_API_KEY%7D - Some(BadScheme)
wss://goerli.infura.io/v3/$%7BINFURA_API_KEY%7D - Some(BadScheme)
https://rpc.goerli.mudit.blog/ - Some(hyper_util::client::legacy::Error(Connect, ConnectError("dns error", Custom { kind: Uncategorized, error: "failed to lookup address information: Name or service not known" })))
wss://ethereum-goerli-rpc.publicnode.com/ - Some(BadScheme)
wss://goerli.gateway.tenderly.co/ - Some(BadScheme)
wss://optimism-rpc.publicnode.com/ - Some(BadScheme)
wss://optimism.gateway.tenderly.co/ - Some(BadScheme)
wss://optimism.drpc.org/ - Some(BadScheme)
https://staging.diode.io:8443/ - Some(TimedOut)
wss://staging.diode.io:8443/ws - Some(BadScheme)
https://flare.enosys.global/ext/C/rpc - Some(hyper_util::client::legacy::Error(Connect, ConnectError("dns error", Custom { kind: Uncategorized, error: "failed to lookup address information: Name or service not known" })))
https://prenet.diode.io:8443/ - Some(TimedOut)
wss://prenet.diode.io:8443/ws - Some(BadScheme)
https://coston.enosys.global/ext/C/rpc - Some(hyper_util::client::legacy::Error(Connect, ConnectError("dns error", Custom { kind: Uncategorized, error: "failed to lookup address information: Name or service not known" })))
wss://thundercore-testnet.drpc.org/ - Some(BadScheme)
https://songbird.enosys.global/ext/C/rpc - Some(hyper_util::client::legacy::Error(Connect, ConnectError("dns error", Custom { kind: Uncategorized, error: "failed to lookup address information: Name or service not known" })))
wss://cronos-evm-rpc.publicnode.com/ - Some(BadScheme)
wss://cronos.drpc.org/ - Some(BadScheme)
https://testrpc.genesisl1.org/ - Some(TimedOut)
https://rpc.shibchain.org/ - Some(hyper_util::client::legacy::Error(Connect, ConnectError("dns error", Custom { kind: Uncategorized, error: "failed to lookup address information: Name or service not known" })))
https://rinkeby.boba.network/ - Some(hyper_util::client::legacy::Error(Connect, ConnectError("dns error", Custom { kind: Uncategorized, error: "failed to lookup address information: Name or service not known" })))
https://test2.goodata.io/ - Some(TimedOut)
https://rpc.goodata.io/ - Some(TimedOut)
https://rpc.tbwg.io/ - Some(hyper_util::client::legacy::Error(Connect, ConnectError("dns error", Custom { kind: Uncategorized, error: "failed to lookup address information: Name or service not known" })))
https://mainnet.dxchain.com/ - Some(hyper_util::client::legacy::Error(Connect, ConnectError("dns error", Custom { kind: Uncategorized, error: "failed to lookup address information: Name or service not known" })))
https://rpc.valorbit.com/v2 - Some(hyper_util::client::legacy::Error(Connect, ConnectError("dns error", Custom { kind: Uncategorized, error: "failed to lookup address information: Name or service not known" })))
wss://telos.drpc.org/ - Some(BadScheme)
wss://telos-testnet.drpc.org/ - Some(BadScheme)
wss://ws-rpc.mainnet.lukso.network/ - Some(BadScheme)
https://pangoro-rpc.darwinia.network/ - Some(hyper_util::client::legacy::Error(Connect, ConnectError("dns error", Custom { kind: Uncategorized, error: "failed to lookup address information: Name or service not known" })))
https://rpc.etm.network/ - Some(TimedOut)
https://rpc.pioneer.etm.network/ - Some(TimedOut)
https://mainnet.openpiece.io/ - Some(TimedOut)
wss://bsc-rpc.publicnode.com/ - Some(BadScheme)
wss://bsc-ws-node.nariox.org/ - Some(BadScheme)
wss://rpc.syscoin.org/wss - Some(BadScheme)
wss://syscoin-evm.publicnode.com/ - Some(BadScheme)
http://dappnode1.ont.io:20339/ - Some(TimedOut)
http://dappnode2.ont.io:20339/ - Some(TimedOut)
http://dappnode3.ont.io:20339/ - Some(TimedOut)
http://dappnode4.ont.io:20339/ - Some(TimedOut)
https://dappnode1.ont.io:10339/ - Some(TimedOut)
https://dappnode2.ont.io:10339/ - Some(TimedOut)
https://dappnode3.ont.io:10339/ - Some(TimedOut)
https://dappnode4.ont.io:10339/ - Some(TimedOut)
https://jsonrpc.ellaism.org/ - Some(hyper_util::client::legacy::Error(Connect, ConnectError("dns error", Custom { kind: Uncategorized, error: "failed to lookup address information: Name or service not known" })))
https://okc-mainnet.gateway.pokt.network/v1/lb/6275309bea1b320039c893ff - Some(hyper_util::client::legacy::Error(Connect, ConnectError("dns error", Custom { kind: Uncategorized, error: "failed to lookup address information: Temporary failure in name resolution" })))
http://test-rpc.dbmbp.com/ - Some(TimedOut)
https://rpc.soter.one/ - Some(hyper_util::client::legacy::Error(Connect, ConnectError("dns error", Custom { kind: Uncategorized, error: "failed to lookup address information: Name or service not known" })))
https://kovan.optimism.io/ - Some(hyper_util::client::legacy::Error(Connect, ConnectError("dns error", Custom { kind: Uncategorized, error: "failed to lookup address information: No address associated with hostname" })))
wss://ws-mainnet.hoosmartchain.com/ - Some(BadScheme)
wss://ws-mainnet2.hoosmartchain.com/ - Some(BadScheme)
https://testnet-http.dxchain.com/ - Some(hyper_util::client::legacy::Error(Connect, ConnectError("dns error", Custom { kind: Uncategorized, error: "failed to lookup address information: Name or service not known" })))
wss://idchain.one/ws/ - Some(BadScheme)
https://rpc2.mix-blockchain.org:8647/ - Some(TimedOut)
https://sokol.poa.network/ - Some(hyper_util::client::legacy::Error(Connect, ConnectError("dns error", Custom { kind: Uncategorized, error: "failed to lookup address information: No address associated with hostname" })))
wss://sokol.poa.network/wss - Some(BadScheme)
ws://sokol.poa.network:8546/ - Some(BadScheme)
https://dataserver-us-1.zenithchain.co/ - Some(hyper_util::client::legacy::Error(Connect, ConnectError("dns error", Custom { kind: Uncategorized, error: "failed to lookup address information: Name or service not known" })))
https://dataserver-asia-3.zenithchain.co/ - Some(hyper_util::client::legacy::Error(Connect, ConnectError("dns error", Custom { kind: Uncategorized, error: "failed to lookup address information: Name or service not known" })))
https://dataserver-asia-4.zenithchain.co/ - Some(hyper_util::client::legacy::Error(Connect, ConnectError("dns error", Custom { kind: Uncategorized, error: "failed to lookup address information: Name or service not known" })))
https://dataserver-asia-2.zenithchain.co/ - Some(hyper_util::client::legacy::Error(Connect, ConnectError("dns error", Custom { kind: Uncategorized, error: "failed to lookup address information: Name or service not known" })))
https://dataserver-asia-5.zenithchain.co/ - Some(hyper_util::client::legacy::Error(Connect, ConnectError("dns error", Custom { kind: Uncategorized, error: "failed to lookup address information: Name or service not known" })))
https://dataserver-asia-6.zenithchain.co/ - Some(hyper_util::client::legacy::Error(Connect, ConnectError("dns error", Custom { kind: Uncategorized, error: "failed to lookup address information: Name or service not known" })))
https://dataserver-asia-7.zenithchain.co/ - Some(hyper_util::client::legacy::Error(Connect, ConnectError("dns error", Custom { kind: Uncategorized, error: "failed to lookup address information: Name or service not known" })))
https://rpc.genechain.io/ - Some(hyper_util::client::legacy::Error(Connect, ConnectError("dns error", Custom { kind: Uncategorized, error: "failed to lookup address information: No address associated with hostname" })))
https://rpc-1.japanopenchain.org:8545/ - Some(TimedOut)
https://rpc-2.japanopenchain.org:8545/ - Some(TimedOut)
https://linqto-dev.com/ - Some(hyper_util::client::legacy::Error(Connect, ConnectError("dns error", Custom { kind: Uncategorized, error: "failed to lookup address information: No address associated with hostname" })))
https://testnet.gatenode.cc/ - Some(hyper_util::client::legacy::Error(Connect, ConnectError("dns error", Custom { kind: Uncategorized, error: "failed to lookup address information: Name or service not known" })))
https://connect.novanetwork.io/ - Some(hyper_util::client::legacy::Error(Connect, ConnectError("dns error", Custom { kind: Uncategorized, error: "failed to lookup address information: Temporary failure in name resolution" })))
https://0x57.redjackstudio.com/ - Some(hyper_util::client::legacy::Error(Connect, ConnectError("dns error", Custom { kind: Uncategorized, error: "failed to lookup address information: No address associated with hostname" })))
https://rpc.novanetwork.io:9070/ - Some(hyper_util::client::legacy::Error(Connect, ConnectError("dns error", Custom { kind: Uncategorized, error: "failed to lookup address information: Temporary failure in name resolution" })))
https://rpc.viction.xyz/ - Some(hyper_util::client::legacy::Error(Connect, ConnectError("dns error", Custom { kind: Uncategorized, error: "failed to lookup address information: Temporary failure in name resolution" })))
https://rpc-testnet.viction.xyz/ - Some(hyper_util::client::legacy::Error(Connect, ConnectError("dns error", Custom { kind: Uncategorized, error: "failed to lookup address information: Temporary failure in name resolution" })))
https://s0.garizon.net/rpc - Some(hyper_util::client::legacy::Error(Connect, ConnectError("dns error", Custom { kind: Uncategorized, error: "failed to lookup address information: Temporary failure in name resolution" })))
https://s1.garizon.net/rpc - Some(hyper_util::client::legacy::Error(Connect, ConnectError("dns error", Custom { kind: Uncategorized, error: "failed to lookup address information: Temporary failure in name resolution" })))
https://s2.garizon.net/rpc - Some(hyper_util::client::legacy::Error(Connect, ConnectError("dns error", Custom { kind: Uncategorized, error: "failed to lookup address information: Temporary failure in name resolution" })))
https://s3.garizon.net/rpc - Some(hyper_util::client::legacy::Error(Connect, ConnectError("dns error", Custom { kind: Uncategorized, error: "failed to lookup address information: Temporary failure in name resolution" })))
https://rpc.swissdlt.ch/ - Some(hyper_util::client::legacy::Error(Connect, ConnectError("dns error", Custom { kind: Uncategorized, error: "failed to lookup address information: Temporary failure in name resolution" })))
https://rpc1.camdl.gov.kh/ - Some(hyper_util::client::legacy::Error(Connect, ConnectError("dns error", Custom { kind: Uncategorized, error: "failed to lookup address information: Temporary failure in name resolution" })))
https://rpc.bitkubchain.io/ - Some(hyper_util::client::legacy::Error(Connect, ConnectError("dns error", Custom { kind: Uncategorized, error: "failed to lookup address information: Temporary failure in name resolution" })))
wss://wss.bitkubchain.io/ - Some(BadScheme)
https://data-seed-prebsc-1-s1.bnbchain.org:8545/ - Some(TimedOut)
https://data-seed-prebsc-2-s1.bnbchain.org:8545/ - Some(TimedOut)
https://data-seed-prebsc-1-s2.bnbchain.org:8545/ - Some(TimedOut)
https://data-seed-prebsc-2-s2.bnbchain.org:8545/ - Some(TimedOut)
https://data-seed-prebsc-1-s3.bnbchain.org:8545/ - Some(TimedOut)
https://data-seed-prebsc-2-s3.bnbchain.org:8545/ - Some(TimedOut)
wss://bsc-testnet-rpc.publicnode.com/ - Some(BadScheme)
https://gnosischain-rpc.gateway.pokt.network/ - Some(hyper_util::client::legacy::Error(Connect, ConnectError("dns error", Custom { kind: Uncategorized, error: "failed to lookup address information: Temporary failure in name resolution" })))
https://web3endpoints.com/gnosischain-mainnet - Some(TimedOut)
wss://rpc.gnosischain.com/wss - Some(BadScheme)
wss://gnosis-rpc.publicnode.com/ - Some(BadScheme)
https://api.einc.io/jsonrpc/mainnet - Some(hyper_util::client::legacy::Error(Connect, ConnectError("dns error", Custom { kind: Uncategorized, error: "failed to lookup address information: Name or service not known" })))
https://testnet-rpc-1.web3games.org/evm - Some(TimedOut)
https://testnet-rpc-2.web3games.org/evm - Some(TimedOut)
https://devnet.web3games.org/evm - Some(TimedOut)
https://testnet.rpc.novanetwork.io/ - Some(TimedOut)
https://rpc.etherlite.org/ - Some(TimedOut)
https://connect.dehvo.com/ - Some(hyper_util::client::legacy::Error(Connect, Ssl(Error { code: ErrorCode(1), cause: Some(Ssl(ErrorStack([Error { code: 167772294, library: "SSL routines", function: "tls_post_process_server_certificate", reason: "certificate verify failed", file: "../ssl/statem/statem_clnt.c", line: 1889 }]))) }, X509VerifyResult { code: 62, error: "hostname mismatch" })))
https://rpc.dehvo.com/ - Some(hyper_util::client::legacy::Error(Connect, Ssl(Error { code: ErrorCode(1), cause: Some(Ssl(ErrorStack([Error { code: 167772294, library: "SSL routines", function: "tls_post_process_server_certificate", reason: "certificate verify failed", file: "../ssl/statem/statem_clnt.c", line: 1889 }]))) }, X509VerifyResult { code: 62, error: "hostname mismatch" })))
https://rpc1.dehvo.com/ - Some(hyper_util::client::legacy::Error(Connect, Ssl(Error { code: ErrorCode(1), cause: Some(Ssl(ErrorStack([Error { code: 167772294, library: "SSL routines", function: "tls_post_process_server_certificate", reason: "certificate verify failed", file: "../ssl/statem/statem_clnt.c", line: 1889 }]))) }, X509VerifyResult { code: 62, error: "hostname mismatch" })))
https://rpc2.dehvo.com/ - Some(hyper_util::client::legacy::Error(Connect, Ssl(Error { code: ErrorCode(1), cause: Some(Ssl(ErrorStack([Error { code: 167772294, library: "SSL routines", function: "tls_post_process_server_certificate", reason: "certificate verify failed", file: "../ssl/statem/statem_clnt.c", line: 1889 }]))) }, X509VerifyResult { code: 62, error: "hostname mismatch" })))
https://testnet.arcology.network/rpc - Some(hyper_util::client::legacy::Error(Connect, Ssl(Error { code: ErrorCode(1), cause: Some(Ssl(ErrorStack([Error { code: 167772294, library: "SSL routines", function: "tls_post_process_server_certificate", reason: "certificate verify failed", file: "../ssl/statem/statem_clnt.c", line: 1889 }]))) }, X509VerifyResult { code: 20, error: "unable to get local issuer certificate" })))
https://beta.evmapi2.nuls.io/ - Some(hyper_util::client::legacy::Error(Connect, ConnectError("dns error", Custom { kind: Uncategorized, error: "failed to lookup address information: Name or service not known" })))
https://rcl-dataseed3.rclsidechain.com/ - Some(TimedOut)
wss://rcl-dataseed1.rclsidechain.com/v1/ - Some(BadScheme)
wss://rcl-dataseed2.rclsidechain.com/v1/ - Some(BadScheme)
wss://rcl-dataseed3.rclsidechain.com/v1/ - Some(BadScheme)
wss://rcl-dataseed4.rclsidechain.com/v1/ - Some(BadScheme)
wss://fuse.drpc.org/ - Some(BadScheme)
https://decentralized-web.tech/dw_rpc.php - Some(hyper_util::client::legacy::Error(Connect, ConnectError("dns error", Custom { kind: Uncategorized, error: "failed to lookup address information: Name or service not known" })))
https://rpc.testnet.oychain.io/ - Some(hyper_util::client::legacy::Error(Connect, ConnectError("dns error", Custom { kind: Uncategorized, error: "failed to lookup address information: Name or service not known" })))
https://rpc.mainnet.oychain.io/ - Some(hyper_util::client::legacy::Error(Connect, ConnectError("dns error", Custom { kind: Uncategorized, error: "failed to lookup address information: Name or service not known" })))
https://http-mainnet.hecochain.com/ - Some(hyper_util::client::legacy::Error(Connect, Ssl(Error { code: ErrorCode(1), cause: Some(Ssl(ErrorStack([Error { code: 167772294, library: "SSL routines", function: "tls_post_process_server_certificate", reason: "certificate verify failed", file: "../ssl/statem/statem_clnt.c", line: 1889 }]))) }, X509VerifyResult { code: 20, error: "unable to get local issuer certificate" })))
wss://ws-mainnet.hecochain.com/ - Some(BadScheme)
https://tokioswift.engram.tech/ - Some(TimedOut)
https://tokio-archive.engram.tech/ - Some(hyper_util::client::legacy::Error(Connect, ConnectError("dns error", Custom { kind: Uncategorized, error: "failed to lookup address information: Name or service not known" })))
https://rpc.chain.namefi.io/ - Some(hyper_util::client::legacy::Error(Connect, ConnectError("dns error", Custom { kind: Uncategorized, error: "failed to lookup address information: Name or service not known" })))
https://mainnet.deamchain.com/ - Some(hyper_util::client::legacy::Error(Connect, ConnectError("dns error", Custom { kind: Uncategorized, error: "failed to lookup address information: Name or service not known" })))
https://rpc-mainnet.matic.network/ - Some(hyper_util::client::legacy::Error(Connect, ConnectError("dns error", Custom { kind: Uncategorized, error: "failed to lookup address information: Name or service not known" })))
https://matic-mainnet.chainstacklabs.com/ - Some(hyper_util::client::legacy::Error(Connect, ConnectError("tcp connect error", Os { code: 111, kind: ConnectionRefused, message: "Connection refused" })))
wss://polygon-bor-rpc.publicnode.com/ - Some(BadScheme)
wss://polygon.gateway.tenderly.co/ - Some(BadScheme)
wss://polygon.drpc.org/ - Some(BadScheme)
https://rpc.defi-oracle.io/ - Some(hyper_util::client::legacy::Error(Connect, ConnectError("dns error", Custom { kind: Uncategorized, error: "failed to lookup address information: No address associated with hostname" })))
wss://wss.defi-oracle.io/ - Some(BadScheme)
ws://mainnet.eternalcoin.io/v1/ws - Some(BadScheme)
https://testnet.openpiece.io/ - Some(TimedOut)
https://rpc.prodax.io/ - Some(hyper_util::client::legacy::Error(Connect, ConnectError("dns error", Custom { kind: Uncategorized, error: "failed to lookup address information: Name or service not known" })))
https://connect.phi.network/ - Some(TimedOut)
https://rpc-testnet.soraai.bot/ - Some(TimedOut)
https://testnet-rpc.oeblock.com/ - Some(hyper_util::client::legacy::Error(Connect, ConnectError("dns error", Custom { kind: Uncategorized, error: "failed to lookup address information: Name or service not known" })))
https://evascan.io/api/eth-rpc/ - Some(TimedOut)
https://testnet.evascan.io/api/eth-rpc/ - Some(TimedOut)
https://node.sirius.lightstreams.io/ - Some(hyper_util::client::legacy::Error(Connect, Ssl(Error { code: ErrorCode(5), cause: Some(Io(Os { code: 104, kind: ConnectionReset, message: "Connection reset by peer" })) }, X509VerifyResult { code: 0, error: "ok" })))
https://node.mainnet.lightstreams.io/ - Some(hyper_util::client::legacy::Error(Connect, Ssl(Error { code: ErrorCode(5), cause: Some(Io(Os { code: 104, kind: ConnectionReset, message: "Connection reset by peer" })) }, X509VerifyResult { code: 0, error: "ok" })))
https://node.atoshi.io/ - Some(hyper_util::client::legacy::Error(Connect, Ssl(Error { code: ErrorCode(1), cause: Some(Ssl(ErrorStack([Error { code: 167772294, library: "SSL routines", function: "tls_post_process_server_certificate", reason: "certificate verify failed", file: "../ssl/statem/statem_clnt.c", line: 1889 }]))) }, X509VerifyResult { code: 62, error: "hostname mismatch" })))
wss://manta-pacific.drpc.org/ - Some(BadScheme)
https://rpc.latam-blockchain.com/ - Some(hyper_util::client::legacy::Error(Connect, ConnectError("dns error", Custom { kind: Uncategorized, error: "failed to lookup address information: Name or service not known" })))
wss://ws.latam-blockchain.com/ - Some(BadScheme)
https://rpc.dcnetio.cloud/ - Some(hyper_util::client::legacy::Error(Connect, Ssl(Error { code: ErrorCode(5), cause: Some(Io(Os { code: 104, kind: ConnectionReset, message: "Connection reset by peer" })) }, X509VerifyResult { code: 0, error: "ok" })))
wss://ws.dcnetio.cloud/ - Some(BadScheme)
https://mainnet.bmcchain.com/ - Some(hyper_util::client::legacy::Error(Connect, ConnectError("dns error", Custom { kind: Uncategorized, error: "failed to lookup address information: Name or service not known" })))
https://testnet.bmcchain.com/ - Some(hyper_util::client::legacy::Error(Connect, ConnectError("dns error", Custom { kind: Uncategorized, error: "failed to lookup address information: Name or service not known" })))
https://testnet-rpc.neutrinoschain.com/ - Some(TimedOut)
https://rpc.bitchain.biz/ - Some(hyper_util::client::legacy::Error(Connect, ConnectError("dns error", Custom { kind: Uncategorized, error: "failed to lookup address information: Name or service not known" })))
wss://bittorrent.drpc.org/ - Some(BadScheme)
https://arbitrum.xdaichain.com/ - Some(hyper_util::client::legacy::Error(Connect, ConnectError("dns error", Custom { kind: Uncategorized, error: "failed to lookup address information: Name or service not known" })))
https://gateway.moac.io/testnet - Some(hyper_util::client::legacy::Error(Connect, Ssl(Error { code: ErrorCode(1), cause: Some(Ssl(ErrorStack([Error { code: 167772294, library: "SSL routines", function: "tls_post_process_server_certificate", reason: "certificate verify failed", file: "../ssl/statem/statem_clnt.c", line: 1889 }]))) }, X509VerifyResult { code: 10, error: "certificate has expired" })))
wss://opbnb-mainnet.nodereal.io/ws/v1/64a9df0874fb4a93b9d0a3849de012d3 - Some(BadScheme)
wss://opbnb-mainnet.nodereal.io/ws/v1/e9a36765eb8a40b9bd12e680a1fd2bc5 - Some(BadScheme)
wss://opbnb-rpc.publicnode.com/ - Some(BadScheme)
wss://opbnb.drpc.org/ - Some(BadScheme)
https://mainnet.structx.io/ - Some(hyper_util::client::legacy::Error(Connect, ConnectError("dns error", Custom { kind: Uncategorized, error: "failed to lookup address information: No address associated with hostname" })))
