https://mainnet.infura.io/v3/${INFURA_API_KEY} - 401 Unauthorized - error decoding response body
https://api.mycryptoapi.com/eth - 403 Forbidden - error decoding response body
https://rpc.blocknative.com/boost - 403 Forbidden - error decoding response body
https://rpc.mevblocker.io - 406 Not Acceptable - error decoding response body
https://rpc.mevblocker.io/fast - 406 Not Acceptable - error decoding response body
https://rpc.mevblocker.io/noreverts - 406 Not Acceptable - error decoding response body
https://rpc.mevblocker.io/fullprivacy - 406 Not Acceptable - error decoding response body
https://ropsten.infura.io/v3/${INFURA_API_KEY} - 410 Gone - error decoding response body
https://rinkeby.infura.io/v3/${INFURA_API_KEY} - 403 Forbidden - error decoding response body
https://goerli.infura.io/v3/${INFURA_API_KEY} - 410 Gone - error decoding response body
https://ethereum-goerli-rpc.publicnode.com - 503 Service Unavailable - error decoding response body
https://goerli.gateway.tenderly.co - 404 Not Found - error decoding response body
https://rpc.thaichain.org - 502 Bad Gateway - error decoding response body
https://mainnet.optimism.io - 403 Forbidden - error decoding response body
https://01-gravelines-003-01.rpc.tatum.io/ext/bc/C/rpc - 401 Unauthorized - error decoding response body
https://01-vinthill-003-02.rpc.tatum.io/ext/bc/C/rpc - 401 Unauthorized - error decoding response body
https://01-gravelines-004-01.rpc.tatum.io/ext/bc/C/rpc - 401 Unauthorized - error decoding response body
https://02-chicago-004-02.rpc.tatum.io/ext/bc/C/rpc - 401 Unauthorized - error decoding response body
https://02-tokyo-004-03.rpc.tatum.io/ext/bc/C/rpc - 404 Not Found - error decoding response body
https://rpc.thaifi.com - 523 <unknown status code> - error decoding response body
https://01-vinthill-006-02.rpc.tatum.io/ext/bc/C/rpc - 404 Not Found - error decoding response body
https://02-tokyo-006-03.rpc.tatum.io/ext/bc/C/rpc - 404 Not Found - error decoding response body
https://cronos-evm-rpc.publicnode.com - 500 Internal Server Error - error decoding response body
https://pangolin-rpc.darwinia.network - 502 Bad Gateway - error decoding response body
https://rpc-xdc.icecreamswap.com - 403 Forbidden - error decoding response body
https://rpc-3.zyx.network/ - 521 <unknown status code> - error decoding response body
https://http-testnet.hoosmartchain.com - 503 Service Unavailable - error decoding response body
https://rpc.mintchain.io - 404 Not Found - error decoding response body
https://bbqchain-rpc.commudao.xyz - 404 Not Found - error decoding response body
https://rpc.swapdex.network - 521 <unknown status code> - error decoding response body
https://mainnet.boba.network - 403 Forbidden - error decoding response body
https://replica.boba.network - 403 Forbidden - error decoding response body
https://rpc.orderly.network - 404 Not Found - error decoding response body
https://l2-orderly-mainnet-0.t.conduit.xyz - 404 Not Found - error decoding response body
https://mainnet.hashio.io/api - 400 Bad Request - error decoding response body
https://testnet.hashio.io/api - 400 Bad Request - error decoding response body
https://previewnet.hashio.io/api - 400 Bad Request - error decoding response body
https://sepolia.era.zksync.dev - 403 Forbidden - error decoding response body
https://filfox.info/rpc/v1 - 500 Internal Server Error - error decoding response body
https://kcc.mytokenpocket.vip - 404 Not Found - error decoding response body
https://mainnet.era.zksync.io - 403 Forbidden - error decoding response body
https://shiden.public.blastapi.io - 400 Bad Request - error decoding response body
https://rpc-pulsechain.g4mm4.io - 403 Forbidden - error decoding response body
https://mainnet.zkevm.cronos.org - 403 Forbidden - error decoding response body
https://rpc.nativ3.network - 520 <unknown status code> - error decoding response body
https://rpc.sx.technology - 403 Forbidden - error decoding response body
https://optimism-goerli-rpc.publicnode.com - 503 Service Unavailable - error decoding response body
https://optimism-goerli.gateway.tenderly.co - 404 Not Found - error decoding response body
https://optimism-testnet.drpc.org - 400 Bad Request - error decoding response body
https://mainnet-rpc.vrd.network - 521 <unknown status code> - error decoding response body
https://rpc.publicgoods.network - 404 Not Found - error decoding response body
https://rpc.acuteangle.com - 502 Bad Gateway - error decoding response body
https://rollux.rpc.syscoin.org - 403 Forbidden - error decoding response body
https://rpc.toronto.sx.technology - 403 Forbidden - error decoding response body
https://rpc.redstonechain.com - 403 Forbidden - error decoding response body
https://subnets.avax.network/portal-fantasy/testnet/rpc - 405 Method Not Allowed - error decoding response body
https://rpc-zkevm.thefirechain.com - 521 <unknown status code> - error decoding response body
https://eth.jegotrip.net - 502 Bad Gateway - error decoding response body
https://s0-testnet.garizon.net/rpc - 404 Not Found - error decoding response body
https://s1-testnet.garizon.net/rpc - 404 Not Found - error decoding response body
https://s2-testnet.garizon.net/rpc - 404 Not Found - error decoding response body
https://s3-testnet.garizon.net/rpc - 404 Not Found - error decoding response body
https://rinia-rpc1.thefirechain.com - 502 Bad Gateway - error decoding response body
https://sepolia.mode.network - 404 Not Found - error decoding response body
https://rpc-testnet-pulsechain.g4mm4.io - 403 Forbidden - error decoding response body
https://rpc.lyra.finance - 404 Not Found - error decoding response body
https://rpc.testnet.ethxy.com - 403 Forbidden - error decoding response body
https://rpc.eliberty.ngo - 403 Forbidden - error decoding response body
https://subnets.avax.network/mintara/testnet/rpc - 405 Method Not Allowed - error decoding response body
https://subnets.avax.network/mintara/mainnet/rpc - 405 Method Not Allowed - error decoding response body
https://dymension-evm.blockpi.network/v1/rpc/public - 403 Forbidden - error decoding response body
https://rpc-core.icecreamswap.com - 403 Forbidden - error decoding response body
https://rpc.api.lisk.com - 403 Forbidden - error decoding response body
https://plex-rpc.plexfinance.us - 502 Bad Gateway - error decoding response body
https://testnet-rpc.buildonhybrid.com - 502 Bad Gateway - error decoding response body
https://testapi.cicscan.com - 525 <unknown status code> - error decoding response body
https://moonbeam.public.blastapi.io - 400 Bad Request - error decoding response body
https://moonriver.public.blastapi.io - 400 Bad Request - error decoding response body
https://moonbase-alpha.public.blastapi.io - 400 Bad Request - error decoding response body
https://test.doschain.com/jsonrpc - 404 Not Found - error decoding response body
https://mainnet.zakumi.io - 502 Bad Gateway - error decoding response body
https://polygon-zkevm-testnet.drpc.org - 400 Bad Request - error decoding response body
https://api.mycryptoapi.com/eth - 403 Forbidden - error decoding response body
https://rpc.blocknative.com/boost - 403 Forbidden - error decoding response body
https://rpc.mevblocker.io - 406 Not Acceptable - error decoding response body
https://rpc.mevblocker.io/fast - 406 Not Acceptable - error decoding response body
https://rpc.mevblocker.io/noreverts - 406 Not Acceptable - error decoding response body
https://rpc.mevblocker.io/fullprivacy - 406 Not Acceptable - error decoding response body
https://api.mycryptoapi.com/eth - 403 Forbidden - error decoding response body
https://rpc.blocknative.com/boost - 403 Forbidden - error decoding response body
https://rpc.mevblocker.io - 406 Not Acceptable - error decoding response body
https://rpc.mevblocker.io/fast - 406 Not Acceptable - error decoding response body
https://rpc.mevblocker.io/noreverts - 406 Not Acceptable - error decoding response body
https://rpc.mevblocker.io/fullprivacy - 406 Not Acceptable - error decoding response body
https://ropsten.infura.io/v3/${INFURA_API_KEY} - 410 Gone - error decoding response body
https://rinkeby.infura.io/v3/${INFURA_API_KEY} - 403 Forbidden - error decoding response body
https://goerli.infura.io/v3/${INFURA_API_KEY} - 410 Gone - error decoding response body
https://ethereum-goerli-rpc.publicnode.com - 503 Service Unavailable - error decoding response body
https://goerli.gateway.tenderly.co - 404 Not Found - error decoding response body
https://rpc.thaichain.org - 502 Bad Gateway - error decoding response body
https://mainnet.optimism.io - 403 Forbidden - error decoding response body
https://01-gravelines-003-01.rpc.tatum.io/ext/bc/C/rpc - 401 Unauthorized - error decoding response body
https://01-vinthill-003-02.rpc.tatum.io/ext/bc/C/rpc - 401 Unauthorized - error decoding response body
https://01-gravelines-004-01.rpc.tatum.io/ext/bc/C/rpc - 401 Unauthorized - error decoding response body
https://02-chicago-004-02.rpc.tatum.io/ext/bc/C/rpc - 401 Unauthorized - error decoding response body
https://02-tokyo-004-03.rpc.tatum.io/ext/bc/C/rpc - 404 Not Found - error decoding response body
https://rpc.thaifi.com - 523 <unknown status code> - error decoding response body
https://01-vinthill-006-02.rpc.tatum.io/ext/bc/C/rpc - 404 Not Found - error decoding response body
https://02-tokyo-006-03.rpc.tatum.io/ext/bc/C/rpc - 404 Not Found - error decoding response body
https://cronos-evm-rpc.publicnode.com - 500 Internal Server Error - error decoding response body
https://pangolin-rpc.darwinia.network - 502 Bad Gateway - error decoding response body
https://rpc-xdc.icecreamswap.com - 403 Forbidden - error decoding response body
https://rpc-3.zyx.network/ - 521 <unknown status code> - error decoding response body
https://api.eosargentina.io - 503 Service Unavailable - error decoding response body
https://etc.rivet.link - 400 Bad Request - error decoding response body
https://http-mainnet.hoosmartchain.com - 503 Service Unavailable - error decoding response body
https://http-mainnet2.hoosmartchain.com - 503 Service Unavailable - error decoding response body
https://core.poa.network - 403 Forbidden - error decoding response body
https://gnosis-mainnet.public.blastapi.io - 400 Bad Request - error decoding response body
https://gnosis.api.onfinality.io/public - 400 Bad Request - error decoding response body
https://testnet-rpc-0.web3games.org/evm - 521 <unknown status code> - error decoding response body
https://seoul2.worldland.foundation - 503 Service Unavailable - error decoding response body
https://klc.live/ - 405 Method Not Allowed - error decoding response body
https://protontestnet.greymass.com/ - 502 Bad Gateway - error decoding response body
https://01-gravelines-005-01.rpc.tatum.io/ext/bc/C/rpc - 401 Unauthorized - error decoding response body
https://02-chicago-005-02.rpc.tatum.io/ext/bc/C/rpc - 404 Not Found - error decoding response body
https://02-tokyo-005-03.rpc.tatum.io/ext/bc/C/rpc - 401 Unauthorized - error decoding response body
https://rcl-dataseed1.rclsidechain.com - 525 <unknown status code> - error decoding response body
https://rcl-dataseed2.rclsidechain.com - 526 <unknown status code> - error decoding response body
https://rcl-dataseed4.rclsidechain.com - 526 <unknown status code> - error decoding response body
https://rpc.innovatorchain.com - 530 <unknown status code> - error decoding response body
https://rpc-mainnet.maticvigil.com - 403 Forbidden - error decoding response body
https://matic-mainnet-full-rpc.bwarelabs.com - 404 Not Found - error decoding response body
https://http-testnet.hoosmartchain.com - 503 Service Unavailable - error decoding response body
https://rpc.mintchain.io - 404 Not Found - error decoding response body
https://bbqchain-rpc.commudao.xyz - 404 Not Found - error decoding response body
